  myPos: 1,1  opPos: 8,8	h: 40




   | 1 | 2 | 3 | 4 | 5 | 6 | 7 | 8 |
____________________________________
 1 |*X*|   |   |   |   |   |   |   |
---|———————————————————————————————|
 2 |   |   |   |   |   |   |   |   |
---|———————————————————————————————|
 3 |   |   |   |   |   |   |   |   |
---|———————————————————————————————|
 4 |   |   |   |   |   |   |   |   |
---|———————————————————————————————|
 5 |   |   |   |   |   |   |   |   |
---|———————————————————————————————|
 6 |   |   |   |   |   |   |   |   |
---|———————————————————————————————|
 7 |   |   |   |   |   |   |   |   |
---|——————————————————————————\342\200\224————|
 8 |   |   |   |   |   |   |   |*O*|
---|———————————————————————————————|

Move: 0


before:   myPos: 1,1  opPos: 8,8	h: 40

last: 117  pos: 7,7		best: 117  pos: 7,7
last: 114  pos: 6,6		best: 117  pos: 7,7
last: 111  pos: 5,5		best: 117  pos: 7,7
last: 102  pos: 4,4		best: 117  pos: 7,7
last: 87  pos: 3,3		best: 117  pos: 7,7
last: 72  pos: 2,2		best: 117  pos: 7,7
last: 66  pos: 1,8		best: 117  pos: 7,7
last: 66  pos: 8,1		best: 117  pos: 7,7
last: 60  pos: 1,6		best: 117  pos: 7,7
last: 60  pos: 1,5		best: 117  pos: 7,7
last: 60  pos: 1,7		best: 117  pos: 7,7
last: 60  pos: 1,4		best: 117  pos: 7,7
last: 60  pos: 1,3		best: 117  pos: 7,7
last: 60  pos: 2,1		best: 117  pos: 7,7
last: 60  pos: 3,1		best: 117  pos: 7,7
last: 60  pos: 4,1		best: 117  pos: 7,7
last: 60  pos: 5,1		best: 117  pos: 7,7
last: 60  pos: 6,1		best: 117  pos: 7,7
last: 60  pos: 7,1		best: 117  pos: 7,7
last: 60  pos: 1,2		best: 117  pos: 7,7
best: 117  pos: 7,7
time: 0.11088	depth:0

last: 205  pos: 7,7		best: 205  pos: 7,7
last: 180  pos: 6,6		best: 205  pos: 7,7
last: 175  pos: 5,5		best: 205  pos: 7,7
last: 175  pos: 4,4		best: 205  pos: 7,7
last: 170  pos: 3,3		best: 205  pos: 7,7
last: 90  pos: 2,2		best: 205  pos: 7,7
last: 185  pos: 1,8		best: 205  pos: 7,7
last: 115  pos: 8,1		best: 205  pos: 7,7
last: 195  pos: 1,6		best: 205  pos: 7,7
last: 175  pos: 1,5		best: 205  pos: 7,7
last: 160  pos: 1,7		best: 205  pos: 7,7
last: 200  pos: 1,4		best: 205  pos: 7,7
last: 160  pos: 1,3		best: 205  pos: 7,7
last: 205  pos: 2,1		best: 205  pos: 7,7
last: 180  pos: 3,1		best: 205  pos: 7,7
last: 135  pos: 4,1		best: 205  pos: 7,7
last: 95  pos: 5,1		best: 205  pos: 7,7
last: 145  pos: 6,1		best: 205  pos: 7,7
last: 70  pos: 7,1		best: 205  pos: 7,7
last: 195  pos: 1,2		best: 205  pos: 7,7
best: 205  pos: 7,7
time: 0.15020	depth:2

last: 182  pos: 7,7		best: 184  pos: 7,7
last: 203  pos: 6,6		best: 203  pos: 6,6
last: 203  pos: 5,5		best: 203  pos: 6,6
last: 203  pos: 4,4		best: 203  pos: 6,6
last: 203  pos: 3,3		best: 203  pos: 6,6
last: 203  pos: 2,2		best: 203  pos: 6,6
last: 203  pos: 1,8		best: 203  pos: 6,6
last: 203  pos: 8,1		best: 203  pos: 6,6
last: 203  pos: 1,6		best: 203  pos: 6,6
last: 203  pos: 1,5		best: 203  pos: 6,6
last: 203  pos: 1,7		best: 203  pos: 6,6
last: 203  pos: 1,4		best: 203  pos: 6,6
last: 203  pos: 1,3		best: 203  pos: 6,6
last: 203  pos: 2,1		best: 203  pos: 6,6
last: 203  pos: 3,1		best: 203  pos: 6,6
last: 203  pos: 4,1		best: 203  pos: 6,6
last: 203  pos: 5,1		best: 203  pos: 6,6
last: 203  pos: 6,1		best: 203  pos: 6,6
last: 203  pos: 7,1		best: 203  pos: 6,6
last: 196  pos: 1,2		best: 203  pos: 6,6
best: 203  pos: 6,6
time: 0.116234	depth:4

last: 243  pos: 7,7		best: 243  pos: 7,7
last: 252  pos: 6,6		best: 252  pos: 6,6
last: 252  pos: 5,5		best: 252  pos: 6,6
last: 252  pos: 4,4		best: 252  pos: 6,6
last: 252  pos: 3,3		best: 252  pos: 6,6
last: 252  pos: 2,2		best: 252  pos: 6,6
last: 252  pos: 1,8		best: 252  pos: 6,6
last: 252  pos: 8,1		best: 252  pos: 6,6
last: 252  pos: 1,6		best: 252  pos: 6,6
last: 252  pos: 1,5		best: 252  pos: 6,6
last: 252  pos: 1,7		best: 252  pos: 6,6
last: 252  pos: 1,4		best: 252  pos: 6,6
last: 252  pos: 1,3		best: 252  pos: 6,6
last: 252  pos: 2,1		best: 252  pos: 6,6
last: 252  pos: 3,1		best: 252  pos: 6,6
last: 252  pos: 4,1		best: 252  pos: 6,6
last: 252  pos: 5,1		best: 252  pos: 6,6
last: 252  pos: 6,1		best: 252  pos: 6,6
last: 252  pos: 7,1		best: 252  pos: 6,6
last: 252  pos: 1,2		best: 252  pos: 6,6
best: 252  pos: 6,6
time: 5.993921	depth:6

ended because of time cutoff
completed in: 20.207


after:   myPos: 6,6  opPos: 8,8	h: 114	transpo: 760154	buckets: 16777216






   | 1 | 2 | 3 | 4 | 5 | 6 | 7 | 8 |
____________________________________
 1 |||||   |   |   |   |   |   |   |
---|———————————————————————————————|
 2 |   |   |   |   |   |   |   |   |
---|———————————————————————————————|
 3 |   |   |   |   |   |   |   |   |
---|———————————————————————————————|
 4 |   |   |   |   |   |   |   |   |
---|———————————————————————————————|
 5 |   |   |   |   |   |   |   |   |
---|———————————————————————————————|
 6 |   |   |   |   |   |*X*|   |   |
---|———————————————————————————————|
 7 |   |   |   |   |   |   |   |   |
---|—\342\200\224—————————————————————————————|
 8 |   |   |   |   |   |   |   |*O*|
---|———————————————————————————————|

Move: 1


Please enter a move (row col):  38




   | 1 | 2 | 3 | 4 | 5 | 6 | 7 | 8 |
____________________________________
 1 |||||   |   |   |   |   |   |   |
---|———————————————————————————————|
 2 |   |   |   |   |   |   |   |   |
---|———————————————————————————————|
 3 |   |   |   |   |   |   |   |*O*|
---|———————————————————————————————|
 4 |   |   |   |   |   |   |   |   |
---|———————————————————————————————|
 5 |   |   |   |   |   |   |   |   |
---|———————————————————————————————|
 6 |   |   |   |   |   |*X*|   |   |
---|———————————————————————————————|
 7 |   |   |   |   |   |   |   |   |
---|———————————————————————————————|
 8 |   |   |   |   |   |   |   |||||
---|——————————————————————\342\200\224————————|

Move: 2


before:   myPos: 6,6  opPos: 3,8	h: 114

last: 203  pos: 3,6		best: 203  pos: 3,6
last: 165  pos: 5,6		best: 203  pos: 3,6
last: 150  pos: 6,5		best: 203  pos: 3,6
last: 145  pos: 3,3		best: 203  pos: 3,6
last: 130  pos: 4,8		best: 203  pos: 3,6
last: 115  pos: 5,5		best: 203  pos: 3,6
last: 115  pos: 4,4		best: 203  pos: 3,6
last: 110  pos: 6,3		best: 203  pos: 3,6
last: 147  pos: 4,6		best: 203  pos: 3,6
last: 110  pos: 6,4		best: 203  pos: 3,6
last: 100  pos: 5,7		best: 203  pos: 3,6
last: 100  pos: 6,2		best: 203  pos: 3,6
last: 100  pos: 7,5		best: 203  pos: 3,6
last: 100  pos: 2,6		best: 203  pos: 3,6
last: 95  pos: 1,6		best: 203  pos: 3,6
last: 95  pos: 2,2		best: 203  pos: 3,6
last: 85  pos: 6,1		best: 203  pos: 3,6
last: 85  pos: 8,4		best: 203  pos: 3,6
last: 85  pos: 6,8		best: 203  pos: 3,6
last: 85  pos: 6,7		best: 203  pos: 3,6
last: 85  pos: 7,6		best: 203  pos: 3,6
last: 80  pos: 7,7		best: 203  pos: 3,6
last: 70  pos: 8,6		best: 203  pos: 3,6
best: 203  pos: 3,6
time: 0.2142	depth:0

last: 203  pos: 3,6		best: 203  pos: 3,6
last: 261  pos: 5,6		best: 261  pos: 5,6
last: 252  pos: 6,5		best: 261  pos: 5,6
last: 238  pos: 3,3		best: 261  pos: 5,6
last: 168  pos: 4,8		best: 261  pos: 5,6
last: 224  pos: 5,5		best: 261  pos: 5,6
last: 252  pos: 4,4		best: 261  pos: 5,6
last: 203  pos: 6,3		best: 261  pos: 5,6
last: 147  pos: 4,6		best: 261  pos: 5,6
last: 217  pos: 6,4		best: 261  pos: 5,6
last: 154  pos: 5,7		best: 261  pos: 5,6
last: 224  pos: 6,2		best: 261  pos: 5,6
last: 238  pos: 7,5		best: 261  pos: 5,6
last: 252  pos: 2,6		best: 261  pos: 5,6
last: 189  pos: 1,6		best: 261  pos: 5,6
last: 196  pos: 2,2		best: 261  pos: 5,6
last: 252  pos: 6,1		best: 261  pos: 5,6
last: 252  pos: 8,4		best: 261  pos: 5,6
last: 252  pos: 6,8		best: 261  pos: 5,6
last: 252  pos: 6,7		best: 261  pos: 5,6
last: 217  pos: 7,6		best: 261  pos: 5,6
last: 252  pos: 7,7		best: 261  pos: 5,6
last: 252  pos: 8,6		best: 261  pos: 5,6
best: 261  pos: 5,6
time: 0.6525	depth:2

last: 261  pos: 3,6		best: 261  pos: 3,6
last: 261  pos: 5,6		best: 261  pos: 3,6
last: 252  pos: 6,5		best: 261  pos: 3,6
last: 261  pos: 3,3		best: 261  pos: 3,6
last: 261  pos: 4,8		best: 261  pos: 3,6
last: 261  pos: 5,5		best: 261  pos: 3,6
last: 252  pos: 4,4		best: 261  pos: 3,6
last: 261  pos: 6,3		best: 261  pos: 3,6
last: 261  pos: 4,6		best: 261  pos: 3,6
last: 261  pos: 6,4		best: 261  pos: 3,6
last: 261  pos: 5,7		best: 261  pos: 3,6
last: 261  pos: 6,2		best: 261  pos: 3,6
last: 261  pos: 7,5		best: 261  pos: 3,6
last: 252  pos: 2,6		best: 261  pos: 3,6
last: 261  pos: 1,6		best: 261  pos: 3,6
last: 261  pos: 2,2		best: 261  pos: 3,6
last: 261  pos: 6,1		best: 261  pos: 3,6
last: 252  pos: 8,4		best: 261  pos: 3,6
last: 252  pos: 6,8		best: 261  pos: 3,6
last: 252  pos: 6,7		best: 261  pos: 3,6
last: 261  pos: 7,6		best: 261  pos: 3,6
last: 252  pos: 7,7		best: 261  pos: 3,6
last: 252  pos: 8,6		best: 261  pos: 3,6
best: 261  pos: 3,6
time: 0.134214	depth:4

last: 330  pos: 3,6		best: 330  pos: 3,6
last: 330  pos: 5,6		best: 330  pos: 3,6
last: 330  pos: 6,5		best: 330  pos: 3,6
last: 330  pos: 3,3		best: 330  pos: 3,6
last: 330  pos: 4,8		best: 330  pos: 3,6
last: 330  pos: 5,5		best: 330  pos: 3,6
last: 330  pos: 4,4		best: 330  pos: 3,6
last: 341  pos: 6,3		best: 341  pos: 6,3
last: 341  pos: 4,6		best: 341  pos: 6,3
last: 341  pos: 6,4		best: 341  pos: 6,3
last: 341  pos: 5,7		best: 341  pos: 6,3
last: 341  pos: 6,2		best: 341  pos: 6,3
last: 341  pos: 7,5		best: 341  pos: 6,3
last: 341  pos: 2,6		best: 341  pos: 6,3
last: 341  pos: 1,6		best: 341  pos: 6,3
last: 341  pos: 2,2		best: 341  pos: 6,3
last: 341  pos: 6,1		best: 341  pos: 6,3
last: 341  pos: 8,4		best: 341  pos: 6,3
last: 341  pos: 6,8		best: 341  pos: 6,3
last: 341  pos: 6,7		best: 341  pos: 6,3
last: 341  pos: 7,6		best: 341  pos: 6,3
last: 341  pos: 7,7		best: 341  pos: 6,3
last: 341  pos: 8,6		best: 341  pos: 6,3
best: 341  pos: 6,3
time: 6.425637	depth:6

ended because of time cutoff
completed in: 20.125


after:   myPos: 6,3  opPos: 3,8	h: 110	transpo: 1837856	buckets: 16777216






   | 1 | 2 | 3 | 4 | 5 | 6 | 7 | 8 |
____________________________________
 1 |||||   |   |   |   |   |   |   |
---|———————————————————————————————|
 2 |   |   |   |   |   |   |   |   |
---|———————————————————————————————|
 3 |   |   |   |   |   |   |   |*O*|
---|———————————————————————————————|
 4 |   |   |   |   |   |   |   |   |
---|———————————————————————————————|
 5 |   |   |   |   |   |   |   |   |
---|———————————————————————————————|
 6 |   |   |*X*|   |   |||||   |   |
---|———————————————————————————————|
 7 |   |   |   |   |   |   |   |   |
---|———————————————————————————————|
 8 |   |   |   |   |   |   |   |||||
---|———————————————————————————————|

Move: 3


Please enter a move (row col):  65




   | 1 | 2 | 3 | 4 | 5 | 6 | 7 | 8 |
____________________________________
 1 |||||   |   |   |   |   |   |   |
---|———————————————————————————————|
 2 |   |   |   |   |   |   |   |   |
---|———————————————————————————————|
 3 |   |   |   |   |   |   |   |||||
---|———————————————————————————————|
 4 |   |   |   |   |   |   |   |   |
---|———————————————————————————————|
 5 |   |   |   |   |   |   |   |   |
---|———————————————————————————————|
 6 |   |   |*X*|   |*O*|||||   |   |
---|———————————————————————————————|
 7 |   |   |   |   |   |   |   |   |
---|———————————————————————————————|
 8 |   |   |   |   |   |   |   |||||
---|——————————————————————\342\200\224————————|

Move: 4


before:   myPos: 6,3  opPos: 6,5	h: 110

last: 273  pos: 4,5		best: 275  pos: 4,5
last: 273  pos: 5,4		best: 275  pos: 4,5
last: 238  pos: 4,3		best: 275  pos: 4,5
last: 196  pos: 5,3		best: 275  pos: 4,5
last: 196  pos: 7,4		best: 275  pos: 4,5
last: 189  pos: 6,4		best: 275  pos: 4,5
last: 182  pos: 2,3		best: 275  pos: 4,5
last: 182  pos: 5,2		best: 275  pos: 4,5
last: 175  pos: 2,7		best: 275  pos: 4,5
last: 168  pos: 3,6		best: 275  pos: 4,5
last: 161  pos: 1,3		best: 275  pos: 4,5
last: 161  pos: 4,1		best: 275  pos: 4,5
last: 161  pos: 7,2		best: 275  pos: 4,5
last: 161  pos: 3,3		best: 275  pos: 4,5
last: 161  pos: 6,2		best: 275  pos: 4,5
last: 161  pos: 7,3		best: 275  pos: 4,5
last: 140  pos: 8,5		best: 275  pos: 4,5
last: 140  pos: 6,1		best: 275  pos: 4,5
last: 133  pos: 8,3		best: 275  pos: 4,5
last: 133  pos: 8,1		best: 275  pos: 4,5
last: 119  pos: 1,8		best: 275  pos: 4,5
best: 275  pos: 4,5
time: 0.1713	depth:0

last: 341  pos: 4,5		best: 341  pos: 4,5
last: 324  pos: 5,4		best: 341  pos: 4,5
last: 333  pos: 4,3		best: 341  pos: 4,5
last: 225  pos: 5,3		best: 341  pos: 4,5
last: 315  pos: 7,4		best: 341  pos: 4,5
last: 315  pos: 6,4		best: 341  pos: 4,5
last: 315  pos: 2,3		best: 341  pos: 4,5
last: 270  pos: 5,2		best: 341  pos: 4,5
last: 270  pos: 2,7		best: 341  pos: 4,5
last: 330  pos: 3,6		best: 341  pos: 4,5
last: 252  pos: 1,3		best: 341  pos: 4,5
last: 330  pos: 4,1		best: 341  pos: 4,5
last: 216  pos: 7,2		best: 341  pos: 4,5
last: 330  pos: 3,3		best: 341  pos: 4,5
last: 324  pos: 6,2		best: 341  pos: 4,5
last: 216  pos: 7,3		best: 341  pos: 4,5
last: 153  pos: 8,5		best: 341  pos: 4,5
last: 261  pos: 6,1		best: 341  pos: 4,5
last: 330  pos: 8,3		best: 341  pos: 4,5
last: 319  pos: 8,1		best: 341  pos: 4,5
last: 279  pos: 1,8		best: 341  pos: 4,5
best: 341  pos: 4,5
time: 0.10504	depth:2

last: 363  pos: 4,5		best: 363  pos: 4,5
last: 363  pos: 5,4		best: 363  pos: 4,5
last: 363  pos: 4,3		best: 363  pos: 4,5
last: 363  pos: 5,3		best: 363  pos: 4,5
last: 363  pos: 7,4		best: 363  pos: 4,5
last: 363  pos: 6,4		best: 363  pos: 4,5
last: 363  pos: 2,3		best: 363  pos: 4,5
last: 363  pos: 5,2		best: 363  pos: 4,5
last: 363  pos: 2,7		best: 363  pos: 4,5
last: 363  pos: 3,6		best: 363  pos: 4,5
last: 363  pos: 1,3		best: 363  pos: 4,5
last: 330  pos: 4,1		best: 363  pos: 4,5
last: 341  pos: 7,2		best: 363  pos: 4,5
last: 352  pos: 3,3		best: 363  pos: 4,5
last: 363  pos: 6,2		best: 363  pos: 4,5
last: 363  pos: 7,3		best: 363  pos: 4,5
last: 363  pos: 8,5		best: 363  pos: 4,5
last: 363  pos: 6,1		best: 363  pos: 4,5
last: 330  pos: 8,3		best: 363  pos: 4,5
last: 319  pos: 8,1		best: 363  pos: 4,5
last: 352  pos: 1,8		best: 363  pos: 4,5
best: 363  pos: 4,5
time: 0.161314	depth:4

last: 442  pos: 4,5		best: 442  pos: 4,5
last: 442  pos: 5,4		best: 442  pos: 4,5
last: 442  pos: 4,3		best: 442  pos: 4,5
last: 442  pos: 5,3		best: 442  pos: 4,5
last: 442  pos: 7,4		best: 442  pos: 4,5
last: 442  pos: 6,4		best: 442  pos: 4,5
last: 442  pos: 2,3		best: 442  pos: 4,5
last: 442  pos: 5,2		best: 442  pos: 4,5
last: 442  pos: 2,7		best: 442  pos: 4,5
last: 442  pos: 3,6		best: 442  pos: 4,5
last: 442  pos: 1,3		best: 442  pos: 4,5
last: 442  pos: 4,1		best: 442  pos: 4,5
last: 442  pos: 7,2		best: 442  pos: 4,5
last: 442  pos: 3,3		best: 442  pos: 4,5
last: 442  pos: 6,2		best: 442  pos: 4,5
last: 442  pos: 7,3		best: 442  pos: 4,5
last: 442  pos: 8,5		best: 442  pos: 4,5
last: 442  pos: 6,1		best: 442  pos: 4,5
last: 442  pos: 8,3		best: 442  pos: 4,5
last: 442  pos: 8,1		best: 442  pos: 4,5
last: 442  pos: 1,8		best: 442  pos: 4,5
best: 442  pos: 4,5
time: 3.592806	depth:6

last: 510  pos: 4,5		best: 510  pos: 4,5
ended because of time cutoff
completed in: 20.92


after:   myPos: 4,5  opPos: 6,5	h: 273	transpo: 2933420	buckets: 16777216






   | 1 | 2 | 3 | 4 | 5 | 6 | 7 | 8 |
____________________________________
 1 |||||   |   |   |   |   |   |   |
---|———————————————————————————————|
 2 |   |   |   |   |   |   |   |   |
---|———————————————————————————————|
 3 |   |   |   |   |   |   |   |||||
---|———————————————————————————————|
 4 |   |   |   |   |*X*|   |   |   |
---|———————————————————————————————|
 5 |   |   |   |   |   |   |   |   |
---|———————————————————————————————|
 6 |   |   |||||   |*O*|||||   |   |
---|———————————————————————————————|
 7 |   |   |   |   |   |   |   |   |
---|—\342\200\224—————————————————————————————|
 8 |   |   |   |   |   |   |   |||||
---|———————————————————————————————|

Move: 5


Please enter a move (row col):  32




   | 1 | 2 | 3 | 4 | 5 | 6 | 7 | 8 |
____________________________________
 1 |||||   |   |   |   |   |   |   |
---|———————————————————————————————|
 2 |   |   |   |   |   |   |   |   |
---|———————————————————————————————|
 3 |   |*O*|   |   |   |   |   |||||
---|———————————————————————————————|
 4 |   |   |   |   |*X*|   |   |   |
---|———————————————————————————————|
 5 |   |   |   |   |   |   |   |   |
---|———————————————————————————————|
 6 |   |   |||||   |||||||||   |   |
---|———————————————————————————————|
 7 |   |   |   |   |   |   |   |   |
---|———————————————————————————————|
 8 |   |   |   |   |   |   |   |||||
---|———————————————————————————————|

Move: 6


before:   myPos: 4,5  opPos: 3,2	h: 273

last: 306  pos: 4,2		best: 459  pos: 4,2
last: 429  pos: 3,4		best: 459  pos: 4,2
last: 442  pos: 3,5		best: 459  pos: 4,2
last: 207  pos: 2,3		best: 459  pos: 4,2
last: 319  pos: 3,6		best: 459  pos: 4,2
last: 198  pos: 4,4		best: 459  pos: 4,2
last: 220  pos: 4,3		best: 459  pos: 4,2
last: 429  pos: 5,4		best: 459  pos: 4,2
last: 189  pos: 2,5		best: 459  pos: 4,2
last: 180  pos: 2,7		best: 459  pos: 4,2
last: 297  pos: 4,6		best: 459  pos: 4,2
last: 171  pos: 5,5		best: 459  pos: 4,2
last: 429  pos: 1,5		best: 459  pos: 4,2
last: 153  pos: 4,7		best: 459  pos: 4,2
last: 416  pos: 5,6		best: 459  pos: 4,2
last: 416  pos: 6,7		best: 459  pos: 4,2
last: 325  pos: 7,8		best: 459  pos: 4,2
last: 429  pos: 4,1		best: 459  pos: 4,2
last: 416  pos: 1,2		best: 459  pos: 4,2
last: 429  pos: 4,8		best: 459  pos: 4,2
last: 403  pos: 1,8		best: 459  pos: 4,2
best: 459  pos: 4,2
time: 0.2462	depth:0

last: 385  pos: 4,2		best: 413  pos: 4,2
last: 429  pos: 3,4		best: 429  pos: 3,4
last: 442  pos: 3,5		best: 442  pos: 3,5
last: 540  pos: 2,3		best: 540  pos: 2,3
last: 319  pos: 3,6		best: 540  pos: 2,3
last: 525  pos: 4,4		best: 540  pos: 2,3
last: 220  pos: 4,3		best: 540  pos: 2,3
last: 429  pos: 5,4		best: 540  pos: 2,3
last: 525  pos: 2,5		best: 540  pos: 2,3
last: 525  pos: 2,7		best: 540  pos: 2,3
last: 297  pos: 4,6		best: 540  pos: 2,3
last: 525  pos: 5,5		best: 540  pos: 2,3
last: 429  pos: 1,5		best: 540  pos: 2,3
last: 374  pos: 4,7		best: 540  pos: 2,3
last: 416  pos: 5,6		best: 540  pos: 2,3
last: 416  pos: 6,7		best: 540  pos: 2,3
last: 325  pos: 7,8		best: 540  pos: 2,3
last: 429  pos: 4,1		best: 540  pos: 2,3
last: 416  pos: 1,2		best: 540  pos: 2,3
last: 429  pos: 4,8		best: 540  pos: 2,3
last: 403  pos: 1,8		best: 540  pos: 2,3
best: 540  pos: 2,3
time: 0.5419	depth:2

last: 481  pos: 4,2		best: 486  pos: 2,3
last: 481  pos: 3,4		best: 486  pos: 2,3
last: 481  pos: 3,5		best: 486  pos: 2,3
last: 540  pos: 2,3		best: 540  pos: 2,3
last: 533  pos: 3,6		best: 540  pos: 2,3
last: 525  pos: 4,4		best: 540  pos: 2,3
last: 533  pos: 4,3		best: 540  pos: 2,3
last: 429  pos: 5,4		best: 540  pos: 2,3
last: 525  pos: 2,5		best: 540  pos: 2,3
last: 525  pos: 2,7		best: 540  pos: 2,3
last: 533  pos: 4,6		best: 540  pos: 2,3
last: 525  pos: 5,5		best: 540  pos: 2,3
last: 429  pos: 1,5		best: 540  pos: 2,3
last: 533  pos: 4,7		best: 540  pos: 2,3
last: 416  pos: 5,6		best: 540  pos: 2,3
last: 416  pos: 6,7		best: 540  pos: 2,3
last: 325  pos: 7,8		best: 540  pos: 2,3
last: 429  pos: 4,1		best: 540  pos: 2,3
last: 416  pos: 1,2		best: 540  pos: 2,3
last: 429  pos: 4,8		best: 540  pos: 2,3
last: 403  pos: 1,8		best: 540  pos: 2,3
best: 540  pos: 2,3
time: 0.33949	depth:4

last: 480  pos: 4,2		best: 486  pos: 2,3
last: 495  pos: 3,4		best: 495  pos: 3,4
last: 525  pos: 3,5		best: 525  pos: 3,5
last: 540  pos: 2,3		best: 540  pos: 2,3
last: 540  pos: 3,6		best: 540  pos: 2,3
last: 525  pos: 4,4		best: 540  pos: 2,3
last: 540  pos: 4,3		best: 540  pos: 2,3
last: 540  pos: 5,4		best: 540  pos: 2,3
last: 525  pos: 2,5		best: 540  pos: 2,3
last: 525  pos: 2,7		best: 540  pos: 2,3
last: 540  pos: 4,6		best: 540  pos: 2,3
last: 525  pos: 5,5		best: 540  pos: 2,3
last: 540  pos: 1,5		best: 540  pos: 2,3
last: 540  pos: 4,7		best: 540  pos: 2,3
last: 540  pos: 5,6		best: 540  pos: 2,3
last: 540  pos: 6,7		best: 540  pos: 2,3
last: 540  pos: 7,8		best: 540  pos: 2,3
last: 540  pos: 4,1		best: 540  pos: 2,3
last: 540  pos: 1,2		best: 540  pos: 2,3
last: 540  pos: 4,8		best: 540  pos: 2,3
last: 540  pos: 1,8		best: 540  pos: 2,3
best: 540  pos: 2,3
time: 1.621141	depth:6

ended because of time cutoff
completed in: 20.81


after:   myPos: 2,3  opPos: 3,2	h: 207	transpo: 3173240	buckets: 16777216






   | 1 | 2 | 3 | 4 | 5 | 6 | 7 | 8 |
____________________________________
 1 |||||   |   |   |   |   |   |   |
---|———————————————————————————————|
 2 |   |   |*X*|   |   |   |   |   |
---|———————————————————————————————|
 3 |   |*O*|   |   |   |   |   |||||
---|———————————————————————————————|
 4 |   |   |   |   |||||   |   |   |
---|———————————————————————————————|
 5 |   |   |   |   |   |   |   |   |
---|———————————————————————————————|
 6 |   |   |||||   |||||||||   |   |
---|———————————————————————————————|
 7 |   |   |   |   |   |   |   |   |
---|————\342\200\224——————————————————————————|
 8 |   |   |   |   |   |   |   |||||
---|———————————————————————————————|

Move: 7


Please enter a move (row col):  34




   | 1 | 2 | 3 | 4 | 5 | 6 | 7 | 8 |
____________________________________
 1 |||||   |   |   |   |   |   |   |
---|———————————————————————————————|
 2 |   |   |*X*|   |   |   |   |   |
---|———————————————————————————————|
 3 |   |||||   |*O*|   |   |   |||||
---|———————————————————————————————|
 4 |   |   |   |   |||||   |   |   |
---|———————————————————————————————|
 5 |   |   |   |   |   |   |   |   |
---|———————————————————————————————|
 6 |   |   |||||   |||||||||   |   |
---|———————————————————————————————|
 7 |   |   |   |   |   |   |   |   |
---|———————————————————————————————|
 8 |   |   |   |   |   |   |   |||||
---|——————————————————————\342\200\224————————|

Move: 8


before:   myPos: 2,3  opPos: 3,4	h: 207

last: 352  pos: 5,3		best: 437  pos: 5,3
last: 352  pos: 2,4		best: 437  pos: 5,3
last: 319  pos: 2,6		best: 437  pos: 5,3
last: 319  pos: 4,3		best: 437  pos: 5,3
last: 319  pos: 2,5		best: 437  pos: 5,3
last: 286  pos: 1,4		best: 437  pos: 5,3
last: 286  pos: 2,7		best: 437  pos: 5,3
last: 275  pos: 1,3		best: 437  pos: 5,3
last: 264  pos: 2,8		best: 437  pos: 5,3
last: 264  pos: 3,3		best: 437  pos: 5,3
last: 220  pos: 2,1		best: 437  pos: 5,3
last: 220  pos: 1,2		best: 437  pos: 5,3
last: 209  pos: 2,2		best: 437  pos: 5,3
best: 437  pos: 5,3
time: 0.1030	depth:0

last: 540  pos: 5,3		best: 540  pos: 5,3
last: 495  pos: 2,4		best: 540  pos: 5,3
last: 520  pos: 2,6		best: 540  pos: 5,3
last: 507  pos: 4,3		best: 540  pos: 5,3
last: 442  pos: 2,5		best: 540  pos: 5,3
last: 364  pos: 1,4		best: 540  pos: 5,3
last: 525  pos: 2,7		best: 540  pos: 5,3
last: 480  pos: 1,3		best: 540  pos: 5,3
last: 525  pos: 2,8		best: 540  pos: 5,3
last: 520  pos: 3,3		best: 540  pos: 5,3
last: 494  pos: 2,1		best: 540  pos: 5,3
last: 442  pos: 1,2		best: 540  pos: 5,3
last: 507  pos: 2,2		best: 540  pos: 5,3
best: 540  pos: 5,3
time: 0.2835	depth:2

last: 540  pos: 5,3		best: 540  pos: 5,3
last: 495  pos: 2,4		best: 540  pos: 5,3
last: 540  pos: 2,6		best: 540  pos: 5,3
last: 540  pos: 4,3		best: 540  pos: 5,3
last: 540  pos: 2,5		best: 540  pos: 5,3
last: 540  pos: 1,4		best: 540  pos: 5,3
last: 525  pos: 2,7		best: 540  pos: 5,3
last: 480  pos: 1,3		best: 540  pos: 5,3
last: 525  pos: 2,8		best: 540  pos: 5,3
last: 540  pos: 3,3		best: 540  pos: 5,3
last: 540  pos: 2,1		best: 540  pos: 5,3
last: 540  pos: 1,2		best: 540  pos: 5,3
last: 540  pos: 2,2		best: 540  pos: 5,3
best: 540  pos: 5,3
time: 0.17332	depth:4

last: 629  pos: 5,3		best: 629  pos: 5,3
last: 629  pos: 2,4		best: 629  pos: 5,3
last: 629  pos: 2,6		best: 629  pos: 5,3
last: 629  pos: 4,3		best: 629  pos: 5,3
last: 629  pos: 2,5		best: 629  pos: 5,3
last: 629  pos: 1,4		best: 629  pos: 5,3
last: 629  pos: 2,7		best: 629  pos: 5,3
last: 629  pos: 1,3		best: 629  pos: 5,3
last: 629  pos: 2,8		best: 629  pos: 5,3
last: 629  pos: 3,3		best: 629  pos: 5,3
last: 629  pos: 2,1		best: 629  pos: 5,3
last: 629  pos: 1,2		best: 629  pos: 5,3
last: 629  pos: 2,2		best: 629  pos: 5,3
best: 629  pos: 5,3
time: 8.350957	depth:6

ended because of time cutoff
completed in: 20.81


after:   myPos: 5,3  opPos: 3,4	h: 352	transpo: 3305480	buckets: 16777216






   | 1 | 2 | 3 | 4 | 5 | 6 | 7 | 8 |
____________________________________
 1 |||||   |   |   |   |   |   |   |
---|———————————————————————————————|
 2 |   |   |||||   |   |   |   |   |
---|———————————————————————————————|
 3 |   |||||   |*O*|   |   |   |||||
---|———————————————————————————————|
 4 |   |   |   |   |||||   |   |   |
---|———————————————————————————————|
 5 |   |   |*X*|   |   |   |   |   |
---|———————————————————————————————|
 6 |   |   |||||   |||||||||   |   |
---|———————————————————————————————|
 7 |   |   |   |   |   |   |   |   |
---|———\342\200\224———————————————————————————|
 8 |   |   |   |   |   |   |   |||||
---|———————————————————————————————|

Move: 9


Please enter a move (row col):  54




   | 1 | 2 | 3 | 4 | 5 | 6 | 7 | 8 |
____________________________________
 1 |||||   |   |   |   |   |   |   |
---|———————————————————————————————|
 2 |   |   |||||   |   |   |   |   |
---|———————————————————————————————|
 3 |   |||||   |||||   |   |   |||||
---|———————————————————————————————|
 4 |   |   |   |   |||||   |   |   |
---|———————————————————————————————|
 5 |   |   |*X*|*O*|   |   |   |   |
---|———————————————————————————————|
 6 |   |   |||||   |||||||||   |   |
---|———————————————————————————————|
 7 |   |   |   |   |   |   |   |   |
---|———————————————————————————————|
 8 |   |   |   |   |   |   |   |||||
---|——————————\342\200\224————————————————————|

Move: 10


before:   myPos: 5,3  opPos: 5,4	h: 352

last: 676  pos: 6,4		best: 676  pos: 6,4
last: 629  pos: 1,7		best: 676  pos: 6,4
last: 578  pos: 7,1		best: 676  pos: 6,4
last: 578  pos: 2,6		best: 676  pos: 6,4
last: 578  pos: 5,1		best: 676  pos: 6,4
last: 578  pos: 3,5		best: 676  pos: 6,4
last: 612  pos: 4,4		best: 676  pos: 6,4
last: 578  pos: 4,2		best: 676  pos: 6,4
last: 561  pos: 7,5		best: 676  pos: 6,4
last: 578  pos: 8,6		best: 676  pos: 6,4
last: 527  pos: 3,1		best: 676  pos: 6,4
last: 578  pos: 6,2		best: 676  pos: 6,4
last: 544  pos: 4,3		best: 676  pos: 6,4
last: 578  pos: 5,2		best: 676  pos: 6,4
last: 578  pos: 3,3		best: 676  pos: 6,4
best: 676  pos: 6,4
time: 0.902	depth:0

last: 578  pos: 6,4		best: 608  pos: 6,4
last: 629  pos: 1,7		best: 629  pos: 1,7
last: 578  pos: 7,1		best: 629  pos: 1,7
last: 578  pos: 2,6		best: 629  pos: 1,7
last: 578  pos: 5,1		best: 629  pos: 1,7
last: 578  pos: 3,5		best: 629  pos: 1,7
last: 612  pos: 4,4		best: 629  pos: 1,7
last: 578  pos: 4,2		best: 629  pos: 1,7
last: 561  pos: 7,5		best: 629  pos: 1,7
last: 578  pos: 8,6		best: 629  pos: 1,7
last: 527  pos: 3,1		best: 629  pos: 1,7
last: 578  pos: 6,2		best: 629  pos: 1,7
last: 544  pos: 4,3		best: 629  pos: 1,7
last: 578  pos: 5,2		best: 629  pos: 1,7
last: 578  pos: 3,3		best: 629  pos: 1,7
best: 629  pos: 1,7
time: 0.2042	depth:2

last: 578  pos: 6,4		best: 578  pos: 6,4
last: 629  pos: 1,7		best: 629  pos: 1,7
last: 578  pos: 7,1		best: 629  pos: 1,7
last: 578  pos: 2,6		best: 629  pos: 1,7
last: 578  pos: 5,1		best: 629  pos: 1,7
last: 578  pos: 3,5		best: 629  pos: 1,7
last: 612  pos: 4,4		best: 629  pos: 1,7
last: 578  pos: 4,2		best: 629  pos: 1,7
last: 561  pos: 7,5		best: 629  pos: 1,7
last: 578  pos: 8,6		best: 629  pos: 1,7
last: 527  pos: 3,1		best: 629  pos: 1,7
last: 578  pos: 6,2		best: 629  pos: 1,7
last: 544  pos: 4,3		best: 629  pos: 1,7
last: 578  pos: 5,2		best: 629  pos: 1,7
last: 578  pos: 3,3		best: 629  pos: 1,7
best: 629  pos: 1,7
time: 0.24810	depth:4

last: 665  pos: 6,4		best: 665  pos: 6,4
last: 665  pos: 1,7		best: 665  pos: 6,4
last: 665  pos: 7,1		best: 665  pos: 6,4
last: 684  pos: 2,6		best: 684  pos: 2,6
last: 684  pos: 5,1		best: 684  pos: 2,6
last: 684  pos: 3,5		best: 684  pos: 2,6
last: 703  pos: 4,4		best: 703  pos: 4,4
last: 703  pos: 4,2		best: 703  pos: 4,4
last: 703  pos: 7,5		best: 703  pos: 4,4
last: 703  pos: 8,6		best: 703  pos: 4,4
last: 703  pos: 3,1		best: 703  pos: 4,4
last: 703  pos: 6,2		best: 703  pos: 4,4
last: 703  pos: 4,3		best: 703  pos: 4,4
last: 703  pos: 5,2		best: 703  pos: 4,4
last: 703  pos: 3,3		best: 703  pos: 4,4
best: 703  pos: 4,4
time: 8.735480	depth:6

last: 735  pos: 6,4		best: 735  pos: 6,4
ended because of time cutoff
completed in: 20.147


after:   myPos: 4,4  opPos: 5,4	h: 585	transpo: 3437111	buckets: 16777216






   | 1 | 2 | 3 | 4 | 5 | 6 | 7 | 8 |
____________________________________
 1 |||||   |   |   |   |   |   |   |
---|———————————————————————————————|
 2 |   |   |||||   |   |   |   |   |
---|———————————————————————————————|
 3 |   |||||   |||||   |   |   |||||
---|———————————————————————————————|
 4 |   |   |   |*X*|||||   |   |   |
---|———————————————————————————————|
 5 |   |   |||||*O*|   |   |   |   |
---|———————————————————————————————|
 6 |   |   |||||   |||||||||   |   |
---|———————————————————————————————|
 7 |   |   |   |   |   |   |   |   |
---|—\342\200\224—————————————————————————————|
 8 |   |   |   |   |   |   |   |||||
---|———————————————————————————————|

Move: 11


Please enter a move (row col):  74




   | 1 | 2 | 3 | 4 | 5 | 6 | 7 | 8 |
____________________________________
 1 |||||   |   |   |   |   |   |   |
---|———————————————————————————————|
 2 |   |   |||||   |   |   |   |   |
---|———————————————————————————————|
 3 |   |||||   |||||   |   |   |||||
---|———————————————————————————————|
 4 |   |   |   |*X*|||||   |   |   |
---|———————————————————————————————|
 5 |   |   |||||||||   |   |   |   |
---|———————————————————————————————|
 6 |   |   |||||   |||||||||   |   |
---|———————————————————————————————|
 7 |   |   |   |*O*|   |   |   |   |
---|———————————————————————————————|
 8 |   |   |   |   |   |   |   |||||
---|——————————\342\200\224————————————————————|

Move: 12


before:   myPos: 4,4  opPos: 7,4	h: 585

last: 645  pos: 1,7		best: 661  pos: 1,7
last: 600  pos: 2,6		best: 661  pos: 1,7
last: 570  pos: 3,5		best: 661  pos: 1,7
last: 570  pos: 4,2		best: 661  pos: 1,7
last: 540  pos: 5,5		best: 661  pos: 1,7
last: 595  pos: 4,1		best: 661  pos: 1,7
last: 495  pos: 3,3		best: 661  pos: 1,7
last: 627  pos: 4,3		best: 661  pos: 1,7
last: 595  pos: 2,2		best: 661  pos: 1,7
best: 661  pos: 1,7
time: 0.632	depth:0

last: 703  pos: 1,7		best: 703  pos: 1,7
last: 782  pos: 2,6		best: 782  pos: 2,6
last: 765  pos: 3,5		best: 782  pos: 2,6
last: 665  pos: 4,2		best: 782  pos: 2,6
last: 680  pos: 5,5		best: 782  pos: 2,6
last: 595  pos: 4,1		best: 782  pos: 2,6
last: 665  pos: 3,3		best: 782  pos: 2,6
last: 627  pos: 4,3		best: 782  pos: 2,6
last: 595  pos: 2,2		best: 782  pos: 2,6
best: 782  pos: 2,6
time: 0.6830	depth:2

last: 703  pos: 1,7		best: 703  pos: 2,6
last: 741  pos: 2,6		best: 741  pos: 2,6
last: 741  pos: 3,5		best: 741  pos: 2,6
last: 665  pos: 4,2		best: 741  pos: 2,6
last: 741  pos: 5,5		best: 741  pos: 2,6
last: 665  pos: 4,1		best: 741  pos: 2,6
last: 665  pos: 3,3		best: 741  pos: 2,6
last: 627  pos: 4,3		best: 741  pos: 2,6
last: 741  pos: 2,2		best: 741  pos: 2,6
best: 741  pos: 2,6
time: 0.247059	depth:4

last: 819  pos: 1,7		best: 819  pos: 1,7
last: 861  pos: 2,6		best: 861  pos: 2,6
last: 861  pos: 3,5		best: 861  pos: 2,6
last: 861  pos: 4,2		best: 861  pos: 2,6
last: 861  pos: 5,5		best: 861  pos: 2,6
last: 861  pos: 4,1		best: 861  pos: 2,6
last: 861  pos: 3,3		best: 861  pos: 2,6
last: 861  pos: 4,3		best: 861  pos: 2,6
last: 861  pos: 2,2		best: 861  pos: 2,6
best: 861  pos: 2,6
time: 5.832760	depth:6

ended because of time cutoff
completed in: 20.66


after:   myPos: 2,6  opPos: 7,4	h: 600	transpo: 3560143	buckets: 16777216






   | 1 | 2 | 3 | 4 | 5 | 6 | 7 | 8 |
____________________________________
 1 |||||   |   |   |   |   |   |   |
---|———————————————————————————————|
 2 |   |   |||||   |   |*X*|   |   |
---|———————————————————————————————|
 3 |   |||||   |||||   |   |   |||||
---|———————————————————————————————|
 4 |   |   |   |||||||||   |   |   |
---|———————————————————————————————|
 5 |   |   |||||||||   |   |   |   |
---|———————————————————————————————|
 6 |   |   |||||   |||||||||   |   |
---|———————————————————————————————|
 7 |   |   |   |*O*|   |   |   |   |
---|————\342\200\224——————————————————————————|
 8 |   |   |   |   |   |   |   |||||
---|———————————————————————————————|

Move: 13


Please enter a move (row col):  87
Invalid move, try again.
Please enter a move (row col):  78




   | 1 | 2 | 3 | 4 | 5 | 6 | 7 | 8 |
____________________________________
 1 |||||   |   |   |   |   |   |   |
---|———————————————————————————————|
 2 |   |   |||||   |   |*X*|   |   |
---|———————————————————————————————|
 3 |   |||||   |||||   |   |   |||||
---|———————————————————————————————|
 4 |   |   |   |||||||||   |   |   |
---|———————————————————————————————|
 5 |   |   |||||||||   |   |   |   |
---|———————————————————————————————|
 6 |   |   |||||   |||||||||   |   |
---|———————————————————————————————|
 7 |   |   |   |||||   |   |   |*O*|
---|———————————————————————————————|
 8 |   |   |   |   |   |   |   |||||
---|——————————\342\200\224————————————————————|

Move: 14


before:   myPos: 2,6  opPos: 7,8	h: 600

last: 833  pos: 3,7		best: 833  pos: 3,7
last: 816  pos: 4,6		best: 833  pos: 3,7
last: 799  pos: 1,7		best: 833  pos: 3,7
last: 589  pos: 1,5		best: 833  pos: 3,7
last: 819  pos: 2,4		best: 833  pos: 3,7
last: 748  pos: 2,7		best: 833  pos: 3,7
last: 819  pos: 5,6		best: 833  pos: 3,7
last: 731  pos: 3,6		best: 833  pos: 3,7
last: 714  pos: 3,5		best: 833  pos: 3,7
last: 819  pos: 4,8		best: 833  pos: 3,7
last: 819  pos: 2,8		best: 833  pos: 3,7
last: 819  pos: 1,6		best: 833  pos: 3,7
last: 697  pos: 2,5		best: 833  pos: 3,7
best: 833  pos: 3,7
time: 0.1732	depth:0

last: 882  pos: 3,7		best: 882  pos: 3,7
last: 836  pos: 4,6		best: 882  pos: 3,7
last: 912  pos: 1,7		best: 912  pos: 1,7
last: 589  pos: 1,5		best: 912  pos: 1,7
last: 819  pos: 2,4		best: 912  pos: 1,7
last: 893  pos: 2,7		best: 912  pos: 1,7
last: 819  pos: 5,6		best: 912  pos: 1,7
last: 836  pos: 3,6		best: 912  pos: 1,7
last: 855  pos: 3,5		best: 912  pos: 1,7
last: 819  pos: 4,8		best: 912  pos: 1,7
last: 819  pos: 2,8		best: 912  pos: 1,7
last: 819  pos: 1,6		best: 912  pos: 1,7
last: 779  pos: 2,5		best: 912  pos: 1,7
best: 912  pos: 1,7
time: 0.11253	depth:2

last: 903  pos: 3,7		best: 903  pos: 3,7
last: 903  pos: 4,6		best: 903  pos: 3,7
last: 903  pos: 1,7		best: 903  pos: 3,7
last: 903  pos: 1,5		best: 903  pos: 3,7
last: 819  pos: 2,4		best: 903  pos: 3,7
last: 903  pos: 2,7		best: 903  pos: 3,7
last: 819  pos: 5,6		best: 903  pos: 3,7
last: 903  pos: 3,6		best: 903  pos: 3,7
last: 903  pos: 3,5		best: 903  pos: 3,7
last: 819  pos: 4,8		best: 903  pos: 3,7
last: 819  pos: 2,8		best: 903  pos: 3,7
last: 819  pos: 1,6		best: 903  pos: 3,7
last: 903  pos: 2,5		best: 903  pos: 3,7
best: 903  pos: 3,7
time: 0.199725	depth:4

last: 943  pos: 3,7		best: 943  pos: 3,7
last: 943  pos: 4,6		best: 943  pos: 3,7
last: 943  pos: 1,7		best: 943  pos: 3,7
last: 943  pos: 1,5		best: 943  pos: 3,7
last: 943  pos: 2,4		best: 943  pos: 3,7
last: 943  pos: 2,7		best: 943  pos: 3,7
last: 943  pos: 5,6		best: 943  pos: 3,7
last: 943  pos: 3,6		best: 943  pos: 3,7
last: 943  pos: 3,5		best: 943  pos: 3,7
last: 943  pos: 4,8		best: 943  pos: 3,7
last: 943  pos: 2,8		best: 943  pos: 3,7
last: 943  pos: 1,6		best: 943  pos: 3,7
last: 943  pos: 2,5		best: 943  pos: 3,7
best: 943  pos: 3,7
time: 5.900316	depth:6

last: 1075  pos: 3,7		best: 1075  pos: 3,7
ended because of time cutoff
completed in: 20.108


after:   myPos: 3,7  opPos: 7,8	h: 833	transpo: 3692983	buckets: 16777216






   | 1 | 2 | 3 | 4 | 5 | 6 | 7 | 8 |
____________________________________
 1 |||||   |   |   |   |   |   |   |
---|———————————————————————————————|
 2 |   |   |||||   |   |||||   |   |
---|———————————————————————————————|
 3 |   |||||   |||||   |   |*X*|||||
---|———————————————————————————————|
 4 |   |   |   |||||||||   |   |   |
---|———————————————————————————————|
 5 |   |   |||||||||   |   |   |   |
---|———————————————————————————————|
 6 |   |   |||||   |||||||||   |   |
---|———————————————————————————————|
 7 |   |   |   |||||   |   |   |*O*|
---|———————————————————————————————|
 8 |   |   |   |   |   |   |   |||||
---|———————————————————————————————|

Move: 15


Please enter a move (row col):  67




   | 1 | 2 | 3 | 4 | 5 | 6 | 7 | 8 |
____________________________________
 1 |||||   |   |   |   |   |   |   |
---|———————————————————————————————|
 2 |   |   |||||   |   |||||   |   |
---|———————————————————————————————|
 3 |   |||||   |||||   |   |*X*|||||
---|———————————————————————————————|
 4 |   |   |   |||||||||   |   |   |
---|———————————————————————————————|
 5 |   |   |||||||||   |   |   |   |
---|———————————————————————————————|
 6 |   |   |||||   |||||||||*O*|   |
---|———————————————————————————————|
 7 |   |   |   |||||   |   |   |||||
---|———————————————————————————————|
 8 |   |   |   |   |   |   |   |||||
---|——————————————————————\342\200\224————————|

Move: 16


before:   myPos: 3,7  opPos: 6,7	h: 833

last: 931  pos: 5,7		best: 967  pos: 5,7
last: 912  pos: 8,2		best: 967  pos: 5,7
last: 943  pos: 4,6		best: 967  pos: 5,7
last: 836  pos: 4,7		best: 967  pos: 5,7
last: 945  pos: 7,3		best: 967  pos: 5,7
last: 874  pos: 3,6		best: 967  pos: 5,7
last: 779  pos: 3,5		best: 967  pos: 5,7
last: 850  pos: 1,7		best: 967  pos: 5,7
last: 760  pos: 5,5		best: 967  pos: 5,7
last: 741  pos: 6,4		best: 967  pos: 5,7
last: 840  pos: 2,7		best: 967  pos: 5,7
last: 722  pos: 4,8		best: 967  pos: 5,7
last: 713  pos: 2,8		best: 967  pos: 5,7
best: 967  pos: 5,7
time: 0.1853	depth:0

last: 987  pos: 5,7		best: 987  pos: 5,7
last: 1100  pos: 8,2		best: 1100  pos: 8,2
last: 943  pos: 4,6		best: 1100  pos: 8,2
last: 987  pos: 4,7		best: 1100  pos: 8,2
last: 945  pos: 7,3		best: 1100  pos: 8,2
last: 874  pos: 3,6		best: 1100  pos: 8,2
last: 987  pos: 3,5		best: 1100  pos: 8,2
last: 850  pos: 1,7		best: 1100  pos: 8,2
last: 1029  pos: 5,5		best: 1100  pos: 8,2
last: 1008  pos: 6,4		best: 1100  pos: 8,2
last: 840  pos: 2,7		best: 1100  pos: 8,2
last: 1008  pos: 4,8		best: 1100  pos: 8,2
last: 713  pos: 2,8		best: 1100  pos: 8,2
best: 1100  pos: 8,2
time: 0.4500	depth:2

last: 966  pos: 5,7		best: 990  pos: 8,2
last: 1100  pos: 8,2		best: 1100  pos: 8,2
last: 943  pos: 4,6		best: 1100  pos: 8,2
last: 1012  pos: 4,7		best: 1100  pos: 8,2
last: 1058  pos: 7,3		best: 1100  pos: 8,2
last: 874  pos: 3,6		best: 1100  pos: 8,2
last: 1035  pos: 3,5		best: 1100  pos: 8,2
last: 850  pos: 1,7		best: 1100  pos: 8,2
last: 1058  pos: 5,5		best: 1100  pos: 8,2
last: 1081  pos: 6,4		best: 1100  pos: 8,2
last: 1035  pos: 2,7		best: 1100  pos: 8,2
last: 1012  pos: 4,8		best: 1100  pos: 8,2
last: 713  pos: 2,8		best: 1100  pos: 8,2
best: 1100  pos: 8,2
time: 0.184682	depth:4

last: 975  pos: 5,7		best: 990  pos: 8,2
last: 1100  pos: 8,2		best: 1100  pos: 8,2
last: 1175  pos: 4,6		best: 1175  pos: 4,6
last: 1175  pos: 4,7		best: 1175  pos: 4,6
last: 1175  pos: 7,3		best: 1175  pos: 4,6
last: 1175  pos: 3,6		best: 1175  pos: 4,6
last: 1175  pos: 3,5		best: 1175  pos: 4,6
last: 850  pos: 1,7		best: 1175  pos: 4,6
last: 1175  pos: 5,5		best: 1175  pos: 4,6
last: 1175  pos: 6,4		best: 1175  pos: 4,6
last: 1175  pos: 2,7		best: 1175  pos: 4,6
last: 1175  pos: 4,8		best: 1175  pos: 4,6
last: 1175  pos: 2,8		best: 1175  pos: 4,6
best: 1175  pos: 4,6
time: 2.458608	depth:6

last: 1215  pos: 5,7		best: 1215  pos: 5,7
last: 1323  pos: 8,2		best: 1323  pos: 8,2
last: 1323  pos: 4,6		best: 1323  pos: 8,2
last: 1323  pos: 4,7		best: 1323  pos: 8,2
ended because of time cutoff
completed in: 20.84


after:   myPos: 4,6  opPos: 6,7	h: 874	transpo: 3797599	buckets: 16777216






   | 1 | 2 | 3 | 4 | 5 | 6 | 7 | 8 |
____________________________________
 1 |||||   |   |   |   |   |   |   |
---|———————————————————————————————|
 2 |   |   |||||   |   |||||   |   |
---|———————————————————————————————|
 3 |   |||||   |||||   |   |||||||||
---|———————————————————————————————|
 4 |   |   |   |||||||||*X*|   |   |
---|———————————————————————————————|
 5 |   |   |||||||||   |   |   |   |
---|———————————————————————————————|
 6 |   |   |||||   |||||||||*O*|   |
---|———————————————————————————————|
 7 |   |   |   |||||   |   |   |||||
---|————\342\200\224——————————————————————————|
 8 |   |   |   |   |   |   |   |||||
---|———————————————————————————————|

Move: 17


Please enter a move (row col):  47




   | 1 | 2 | 3 | 4 | 5 | 6 | 7 | 8 |
____________________________________
 1 |||||   |   |   |   |   |   |   |
---|———————————————————————————————|
 2 |   |   |||||   |   |||||   |   |
---|———————————————————————————————|
 3 |   |||||   |||||   |   |||||||||
---|———————————————————————————————|
 4 |   |   |   |||||||||*X*|*O*|   |
---|———————————————————————————————|
 5 |   |   |||||||||   |   |   |   |
---|———————————————————————————————|
 6 |   |   |||||   |||||||||||||   |
---|———————————————————————————————|
 7 |   |   |   |||||   |   |   |||||
---|———————————————————————————————|
 8 |   |   |   |   |   |   |   |||||
---|———————————————————————————————|

Move: 18


before:   myPos: 4,6  opPos: 4,7	h: 874

last: 1113  pos: 3,6		best: 1190  pos: 3,6
last: 1150  pos: 8,2		best: 1190  pos: 3,6
last: 1029  pos: 1,3		best: 1190  pos: 3,6
last: 1008  pos: 7,3		best: 1190  pos: 3,6
last: 987  pos: 2,4		best: 1190  pos: 3,6
last: 987  pos: 5,7		best: 1190  pos: 3,6
last: 1075  pos: 5,6		best: 1190  pos: 3,6
last: 945  pos: 5,5		best: 1190  pos: 3,6
last: 924  pos: 6,4		best: 1190  pos: 3,6
last: 924  pos: 6,8		best: 1190  pos: 3,6
last: 924  pos: 3,5		best: 1190  pos: 3,6
best: 1190  pos: 3,6
time: 0.1450	depth:0

last: 1400  pos: 3,6		best: 1400  pos: 3,6
last: 1150  pos: 8,2		best: 1400  pos: 3,6
last: 1323  pos: 1,3		best: 1400  pos: 3,6
last: 1377  pos: 7,3		best: 1400  pos: 3,6
last: 1500  pos: 2,4		best: 1500  pos: 2,4
last: 1350  pos: 5,7		best: 1500  pos: 2,4
last: 1075  pos: 5,6		best: 1500  pos: 2,4
last: 1425  pos: 5,5		best: 1500  pos: 2,4
last: 1450  pos: 6,4		best: 1500  pos: 2,4
last: 1350  pos: 6,8		best: 1500  pos: 2,4
last: 1425  pos: 3,5		best: 1500  pos: 2,4
best: 1500  pos: 2,4
time: 0.2673	depth:2

last: 1400  pos: 3,6		best: 1400  pos: 3,6
last: 1150  pos: 8,2		best: 1400  pos: 3,6
last: 1323  pos: 1,3		best: 1400  pos: 3,6
last: 1377  pos: 7,3		best: 1400  pos: 3,6
last: 1500  pos: 2,4		best: 1500  pos: 2,4
last: 1350  pos: 5,7		best: 1500  pos: 2,4
last: 1075  pos: 5,6		best: 1500  pos: 2,4
last: 1425  pos: 5,5		best: 1500  pos: 2,4
last: 1450  pos: 6,4		best: 1500  pos: 2,4
last: 1350  pos: 6,8		best: 1500  pos: 2,4
last: 1425  pos: 3,5		best: 1500  pos: 2,4
best: 1500  pos: 2,4
time: 0.15818	depth:4

last: 1161  pos: 3,6		best: 1350  pos: 2,4
last: 905969620  pos: 8,2		best: 905969620  pos: 8,2
last: 1323  pos: 1,3		best: 905969620  pos: 8,2
last: 1377  pos: 7,3		best: 905969620  pos: 8,2
last: 1890  pos: 2,4		best: 905969620  pos: 8,2
last: 1809  pos: 5,7		best: 905969620  pos: 8,2
last: 1782  pos: 5,6		best: 905969620  pos: 8,2
last: 1863  pos: 5,5		best: 905969620  pos: 8,2
last: 1809  pos: 6,4		best: 905969620  pos: 8,2
last: 1728  pos: 6,8		best: 905969620  pos: 8,2
last: 1863  pos: 3,5		best: 905969620  pos: 8,2
best: 905969620  pos: 8,2
time: 1.51777	depth:6

last: 2030  pos: 3,6		best: 815372658  pos: 8,2
last: 973078485  pos: 8,2		best: 973078485  pos: 8,2
last: 973078483  pos: 1,3		best: 973078485  pos: 8,2
last: 973078484  pos: 7,3		best: 973078485  pos: 8,2
last: 973078490  pos: 2,4		best: 973078490  pos: 2,4
last: 1914  pos: 5,7		best: 973078490  pos: 2,4
last: 1914  pos: 5,6		best: 973078490  pos: 2,4
last: 973078489  pos: 5,5		best: 973078490  pos: 2,4
last: 973078486  pos: 6,4		best: 973078490  pos: 2,4
last: 1943  pos: 6,8		best: 973078490  pos: 2,4
last: 973078490  pos: 3,5		best: 973078490  pos: 2,4
best: 973078490  pos: 2,4
time: 7.127721	depth:8

last: 2077  pos: 3,6		best: 875770641  pos: 2,4
ended because of time cutoff
completed in: 20.75


after:   myPos: 2,4  opPos: 4,7	h: 987	transpo: 3894276	buckets: 16777216






   | 1 | 2 | 3 | 4 | 5 | 6 | 7 | 8 |
____________________________________
 1 |||||   |   |   |   |   |   |   |
---|———————————————————————————————|
 2 |   |   |||||*X*|   |||||   |   |
---|———————————————————————————————|
 3 |   |||||   |||||   |   |||||||||
---|———————————————————————————————|
 4 |   |   |   |||||||||||||*O*|   |
---|———————————————————————————————|
 5 |   |   |||||||||   |   |   |   |
---|———————————————————————————————|
 6 |   |   |||||   |||||||||||||   |
---|———————————————————————————————|
 7 |   |   |   |||||   |   |   |||||
---|————\342\200\224——————————————————————————|
 8 |   |   |   |   |   |   |   |||||
---|———————————————————————————————|

Move: 19


Please enter a move (row col):  56




   | 1 | 2 | 3 | 4 | 5 | 6 | 7 | 8 |
____________________________________
 1 |||||   |   |   |   |   |   |   |
---|———————————————————————————————|
 2 |   |   |||||*X*|   |||||   |   |
---|———————————————————————————————|
 3 |   |||||   |||||   |   |||||||||
---|———————————————————————————————|
 4 |   |   |   |||||||||||||||||   |
---|———————————————————————————————|
 5 |   |   |||||||||   |*O*|   |   |
---|———————————————————————————————|
 6 |   |   |||||   |||||||||||||   |
---|———————————————————————————————|
 7 |   |   |   |||||   |   |   |||||
---|———————————————————————————————|
 8 |   |   |   |   |   |   |   |||||
---|——————————————————————\342\200\224————————|

Move: 20


before:   myPos: 2,4  opPos: 5,6	h: 987

last: 1449  pos: 5,1		best: 1449  pos: 5,1
last: 1380  pos: 4,2		best: 1449  pos: 5,1
last: 1357  pos: 1,5		best: 1449  pos: 5,1
last: 1357  pos: 1,3		best: 1449  pos: 5,1
last: 1357  pos: 1,4		best: 1449  pos: 5,1
last: 1392  pos: 2,5		best: 1449  pos: 5,1
last: 1265  pos: 3,3		best: 1449  pos: 5,1
last: 1242  pos: 3,5		best: 1449  pos: 5,1
best: 1449  pos: 5,1
time: 0.1355	depth:0

last: 973078490  pos: 5,1		best: 973078490  pos: 5,1
last: 973078490  pos: 4,2		best: 973078490  pos: 5,1
last: 1827  pos: 1,5		best: 973078490  pos: 5,1
last: 1508  pos: 1,3		best: 973078490  pos: 5,1
last: 2001  pos: 1,4		best: 973078490  pos: 5,1
last: 1392  pos: 2,5		best: 973078490  pos: 5,1
last: 2001  pos: 3,3		best: 973078490  pos: 5,1
last: 1856  pos: 3,5		best: 973078490  pos: 5,1
best: 973078490  pos: 5,1
time: 0.1966	depth:2

last: 973078490  pos: 5,1		best: 973078490  pos: 5,1
last: 973078490  pos: 4,2		best: 973078490  pos: 5,1
last: 1827  pos: 1,5		best: 973078490  pos: 5,1
last: 1508  pos: 1,3		best: 973078490  pos: 5,1
last: 2001  pos: 1,4		best: 973078490  pos: 5,1
last: 1392  pos: 2,5		best: 973078490  pos: 5,1
last: 2001  pos: 3,3		best: 973078490  pos: 5,1
last: 1856  pos: 3,5		best: 973078490  pos: 5,1
best: 973078490  pos: 5,1
time: 0.2830	depth:4

last: 973078490  pos: 5,1		best: 973078490  pos: 5,1
last: 973078490  pos: 4,2		best: 973078490  pos: 5,1
last: 1827  pos: 1,5		best: 973078490  pos: 5,1
last: 1508  pos: 1,3		best: 973078490  pos: 5,1
last: 2001  pos: 1,4		best: 973078490  pos: 5,1
last: 1392  pos: 2,5		best: 973078490  pos: 5,1
last: 2001  pos: 3,3		best: 973078490  pos: 5,1
last: 1856  pos: 3,5		best: 973078490  pos: 5,1
best: 973078490  pos: 5,1
time: 0.13541	depth:6

last: 1040187353  pos: 5,1		best: 1040187353  pos: 5,1
last: 1040187353  pos: 4,2		best: 1040187353  pos: 5,1
last: 1040187351  pos: 1,5		best: 1040187353  pos: 5,1
last: 1922  pos: 1,3		best: 1040187353  pos: 5,1
last: 1040187351  pos: 1,4		best: 1040187353  pos: 5,1
last: 1891  pos: 2,5		best: 1040187353  pos: 5,1
last: 1040187353  pos: 3,3		best: 1040187353  pos: 5,1
last: 1922  pos: 3,5		best: 1040187353  pos: 5,1
best: 1040187353  pos: 5,1
time: 1.233522	depth:8

last: 1107296216  pos: 5,1		best: 1107296216  pos: 5,1
last: 1107296216  pos: 4,2		best: 1107296216  pos: 5,1
last: 1107296216  pos: 1,5		best: 1107296216  pos: 5,1
last: 1107296216  pos: 1,3		best: 1107296216  pos: 5,1
last: 2211  pos: 1,4		best: 1107296216  pos: 5,1
last: 2145  pos: 2,5		best: 1107296216  pos: 5,1
last: 1107296216  pos: 3,3		best: 1107296216  pos: 5,1
last: 2079  pos: 3,5		best: 1107296216  pos: 5,1
best: 1107296216  pos: 5,1
time: 9.493405	depth:10

ended because of time cutoff
completed in: 20.142


after:   myPos: 5,1  opPos: 5,6	h: 1449	transpo: 3996253	buckets: 16777216






   | 1 | 2 | 3 | 4 | 5 | 6 | 7 | 8 |
____________________________________
 1 |||||   |   |   |   |   |   |   |
---|———————————————————————————————|
 2 |   |   |||||||||   |||||   |   |
---|———————————————————————————————|
 3 |   |||||   |||||   |   |||||||||
---|———————————————————————————————|
 4 |   |   |   |||||||||||||||||   |
---|———————————————————————————————|
 5 |*X*|   |||||||||   |*O*|   |   |
---|———————————————————————————————|
 6 |   |   |||||   |||||||||||||   |
---|———————————————————————————————|
 7 |   |   |   |||||   |   |   |||||
---|———————————————————————————————|
 8 |   |   |   |   |   |   |   |||||
---|———————————————————————————————|

Move: 21


Please enter a move (row col):  55




   | 1 | 2 | 3 | 4 | 5 | 6 | 7 | 8 |
____________________________________
 1 |||||   |   |   |   |   |   |   |
---|———————————————————————————————|
 2 |   |   |||||||||   |||||   |   |
---|———————————————————————————————|
 3 |   |||||   |||||   |   |||||||||
---|———————————————————————————————|
 4 |   |   |   |||||||||||||||||   |
---|———————————————————————————————|
 5 |*X*|   |||||||||*O*|||||   |   |
---|———————————————————————————————|
 6 |   |   |||||   |||||||||||||   |
---|———————————————————————————————|
 7 |   |   |   |||||   |   |   |||||
---|———————————————————————————————|
 8 |   |   |   |   |   |   |   |||||
---|——————————————————————\342\200\224————————|

Move: 22


before:   myPos: 5,1  opPos: 5,5	h: 1449

last: 1600  pos: 7,3		best: 1600  pos: 7,3
last: 1500  pos: 8,1		best: 1600  pos: 7,3
last: 1500  pos: 8,4		best: 1600  pos: 7,3
last: 1475  pos: 6,2		best: 1600  pos: 7,3
last: 1475  pos: 4,2		best: 1600  pos: 7,3
last: 1450  pos: 5,2		best: 1600  pos: 7,3
last: 1450  pos: 6,1		best: 1600  pos: 7,3
last: 1425  pos: 7,1		best: 1600  pos: 7,3
last: 1400  pos: 4,1		best: 1600  pos: 7,3
last: 1400  pos: 3,1		best: 1600  pos: 7,3
last: 1375  pos: 2,1		best: 1600  pos: 7,3
last: 1350  pos: 3,3		best: 1600  pos: 7,3
best: 1600  pos: 7,3
time: 0.1883	depth:0

last: 1174405079  pos: 7,3		best: 1174405079  pos: 7,3
last: 1174405078  pos: 8,1		best: 1174405079  pos: 7,3
last: 2135  pos: 8,4		best: 1174405079  pos: 7,3
last: 1174405079  pos: 6,2		best: 1174405079  pos: 7,3
last: 1174405078  pos: 4,2		best: 1174405079  pos: 7,3
last: 2100  pos: 5,2		best: 1174405079  pos: 7,3
last: 1174405079  pos: 6,1		best: 1174405079  pos: 7,3
last: 1174405079  pos: 7,1		best: 1174405079  pos: 7,3
last: 2100  pos: 4,1		best: 1174405079  pos: 7,3
last: 2079  pos: 3,1		best: 1174405079  pos: 7,3
last: 1980  pos: 2,1		best: 1174405079  pos: 7,3
last: 1174405079  pos: 3,3		best: 1174405079  pos: 7,3
best: 1174405079  pos: 7,3
time: 0.3162	depth:2

last: 1174405079  pos: 7,3		best: 1174405079  pos: 7,3
last: 1174405078  pos: 8,1		best: 1174405079  pos: 7,3
last: 2135  pos: 8,4		best: 1174405079  pos: 7,3
last: 1174405079  pos: 6,2		best: 1174405079  pos: 7,3
last: 1174405078  pos: 4,2		best: 1174405079  pos: 7,3
last: 2100  pos: 5,2		best: 1174405079  pos: 7,3
last: 1174405079  pos: 6,1		best: 1174405079  pos: 7,3
last: 1174405079  pos: 7,1		best: 1174405079  pos: 7,3
last: 2100  pos: 4,1		best: 1174405079  pos: 7,3
last: 2079  pos: 3,1		best: 1174405079  pos: 7,3
last: 1980  pos: 2,1		best: 1174405079  pos: 7,3
last: 1174405079  pos: 3,3		best: 1174405079  pos: 7,3
best: 1174405079  pos: 7,3
time: 0.4443	depth:4

last: 1174405079  pos: 7,3		best: 1174405079  pos: 7,3
last: 1174405078  pos: 8,1		best: 1174405079  pos: 7,3
last: 2135  pos: 8,4		best: 1174405079  pos: 7,3
last: 1174405079  pos: 6,2		best: 1174405079  pos: 7,3
last: 1174405078  pos: 4,2		best: 1174405079  pos: 7,3
last: 2100  pos: 5,2		best: 1174405079  pos: 7,3
last: 1174405079  pos: 6,1		best: 1174405079  pos: 7,3
last: 1174405079  pos: 7,1		best: 1174405079  pos: 7,3
last: 2100  pos: 4,1		best: 1174405079  pos: 7,3
last: 2079  pos: 3,1		best: 1174405079  pos: 7,3
last: 1980  pos: 2,1		best: 1174405079  pos: 7,3
last: 1174405079  pos: 3,3		best: 1174405079  pos: 7,3
best: 1174405079  pos: 7,3
time: 0.17224	depth:6

last: 1174405079  pos: 7,3		best: 1174405079  pos: 7,3
last: 1174405078  pos: 8,1		best: 1174405079  pos: 7,3
last: 2135  pos: 8,4		best: 1174405079  pos: 7,3
last: 1174405079  pos: 6,2		best: 1174405079  pos: 7,3
last: 1174405078  pos: 4,2		best: 1174405079  pos: 7,3
last: 2100  pos: 5,2		best: 1174405079  pos: 7,3
last: 1174405079  pos: 6,1		best: 1174405079  pos: 7,3
last: 1174405079  pos: 7,1		best: 1174405079  pos: 7,3
last: 2100  pos: 4,1		best: 1174405079  pos: 7,3
last: 2079  pos: 3,1		best: 1174405079  pos: 7,3
last: 1980  pos: 2,1		best: 1174405079  pos: 7,3
last: 1174405079  pos: 3,3		best: 1174405079  pos: 7,3
best: 1174405079  pos: 7,3
time: 0.57240	depth:8

last: 1174405079  pos: 7,3		best: 1174405079  pos: 7,3
last: 1174405078  pos: 8,1		best: 1174405079  pos: 7,3
last: 2135  pos: 8,4		best: 1174405079  pos: 7,3
last: 1174405079  pos: 6,2		best: 1174405079  pos: 7,3
last: 1174405078  pos: 4,2		best: 1174405079  pos: 7,3
last: 2100  pos: 5,2		best: 1174405079  pos: 7,3
last: 1174405079  pos: 6,1		best: 1174405079  pos: 7,3
last: 1174405079  pos: 7,1		best: 1174405079  pos: 7,3
last: 2100  pos: 4,1		best: 1174405079  pos: 7,3
last: 1174405079  pos: 3,1		best: 1174405079  pos: 7,3
last: 1174405079  pos: 2,1		best: 1174405079  pos: 7,3
last: 1174405079  pos: 3,3		best: 1174405079  pos: 7,3
best: 1174405079  pos: 7,3
time: 0.728564	depth:10

last: 1241513942  pos: 7,3		best: 1241513942  pos: 7,3
last: 1241513942  pos: 8,1		best: 1241513942  pos: 7,3
last: 1241513942  pos: 8,4		best: 1241513942  pos: 7,3
last: 1241513942  pos: 6,2		best: 1241513942  pos: 7,3
last: 1241513942  pos: 4,2		best: 1241513942  pos: 7,3
last: 1241513942  pos: 5,2		best: 1241513942  pos: 7,3
last: 1241513942  pos: 6,1		best: 1241513942  pos: 7,3
ended because of time cutoff
completed in: 20.161


after:   myPos: 7,3  opPos: 5,5	h: 1600	transpo: 4076147	buckets: 16777216






   | 1 | 2 | 3 | 4 | 5 | 6 | 7 | 8 |
____________________________________
 1 |||||   |   |   |   |   |   |   |
---|———————————————————————————————|
 2 |   |   |||||||||   |||||   |   |
---|———————————————————————————————|
 3 |   |||||   |||||   |   |||||||||
---|———————————————————————————————|
 4 |   |   |   |||||||||||||||||   |
---|———————————————————————————————|
 5 |||||   |||||||||*O*|||||   |   |
---|———————————————————————————————|
 6 |   |   |||||   |||||||||||||   |
---|———————————————————————————————|
 7 |   |   |*X*|||||   |   |   |||||
---|———————————————————————————————|
 8 |   |   |   |   |   |   |   |||||
---|———————————————————————————————|

Move: 23


Please enter a move (row col):  $


   | 1 | 2 | 3 | 4 | 5 | 6 | 7 | 8 |
____________________________________
 1 |||||   |   |   |   |   |   |   |
---|———————————————————————————————|
 2 |   |   |||||||||   |||||   |   |
---|———————————————————————————————|
 3 |   |||||   |||||   |   |||||||||
---|———————————————————————————————|
 4 |   |   |   |||||||||||||||||   |
---|———————————————————————————————|
 5 |*X*|   |||||||||   |*O*|   |   |
---|———————————————————————————————|
 6 |   |   |||||   |||||||||||||   |
---|———————————————————————————————|
 7 |   |   |   |||||   |   |   |||||
---|———————————————————————————————|
 8 |   |   |   |   |   |   |   |||||
---|———————————————————————————————|

Move: 21
Please enter a move (row col):  $


   | 1 | 2 | 3 | 4 | 5 | 6 | 7 | 8 |
____________________________________
 1 |||||   |   |   |   |   |   |   |
---|———————————————————————————————|
 2 |   |   |||||*X*|   |||||   |   |
---|———————————————————————————————|
 3 |   |||||   |||||   |   |||||||||
---|———————————————————————————————|
 4 |   |   |   |||||||||||||*O*|   |
---|———————————————————————————————|
 5 |   |   |||||||||   |   |   |   |
---|———————————————————————————————|
 6 |   |   |||||   |||||||||||||   |
---|———————————————————————————————|
 7 |   |   |   |||||   |   |   |||||
---|———————————————————————————————|
 8 |   |   |   |   |   |   |   |||||
---|——————————————————————\342\200\224————————|

Move: 19
Please enter a move (row col):  $


   | 1 | 2 | 3 | 4 | 5 | 6 | 7 | 8 |
____________________________________
 1 |||||   |   |   |   |   |   |   |
---|———————————————————————————————|
 2 |   |   |||||   |   |||||   |   |
---|———————————————————————————————|
 3 |   |||||   |||||   |   |||||||||
---|———————————————————————————————|
 4 |   |   |   |||||||||*X*|   |   |
---|———————————————————————————————|
 5 |   |   |||||||||   |   |   |   |
---|———————————————————————————————|
 6 |   |   |||||   |||||||||*O*|   |
---|———————————————————————————————|
 7 |   |   |   |||||   |   |   |||||
---|———————————————————————————————|
 8 |   |   |   |   |   |   |   |||||
---|——————————————————————\342\200\224————————|

Move: 17
Please enter a move (row col):  85




   | 1 | 2 | 3 | 4 | 5 | 6 | 7 | 8 |
____________________________________
 1 |||||   |   |   |   |   |   |   |
---|———————————————————————————————|
 2 |   |   |||||   |   |||||   |   |
---|———————————————————————————————|
 3 |   |||||   |||||   |   |||||||||
---|———————————————————————————————|
 4 |   |   |   |||||||||*X*|   |   |
---|———————————————————————————————|
 5 |   |   |||||||||   |   |   |   |
---|———————————————————————————————|
 6 |   |   |||||   |||||||||||||   |
---|———————————————————————————————|
 7 |   |   |   |||||   |   |   |||||
---|———————————————————————————————|
 8 |   |   |   |   |*O*|   |   |||||
---|——————————————————————\342\200\224————————|

Move: 18


before:   myPos: 4,6  opPos: 8,5	h: 874

last: 1113  pos: 8,2		best: 1113  pos: 8,2
last: 851  pos: 1,3		best: 1113  pos: 8,2
last: 945  pos: 7,3		best: 1113  pos: 8,2
last: 924  pos: 2,4		best: 1113  pos: 8,2
last: 903  pos: 3,6		best: 1113  pos: 8,2
last: 903  pos: 4,7		best: 1113  pos: 8,2
last: 989  pos: 5,5		best: 1113  pos: 8,2
last: 882  pos: 5,7		best: 1113  pos: 8,2
last: 861  pos: 3,5		best: 1113  pos: 8,2
last: 861  pos: 6,8		best: 1113  pos: 8,2
last: 861  pos: 6,4		best: 1113  pos: 8,2
last: 840  pos: 4,8		best: 1113  pos: 8,2
last: 840  pos: 5,6		best: 1113  pos: 8,2
best: 1113  pos: 8,2
time: 0.2264	depth:0

last: 1350  pos: 8,2		best: 1350  pos: 8,2
last: 851  pos: 1,3		best: 1350  pos: 8,2
last: 1242  pos: 7,3		best: 1350  pos: 8,2
last: 1242  pos: 2,4		best: 1350  pos: 8,2
last: 874  pos: 3,6		best: 1350  pos: 8,2
last: 1311  pos: 4,7		best: 1350  pos: 8,2
last: 989  pos: 5,5		best: 1350  pos: 8,2
last: 1323  pos: 5,7		best: 1350  pos: 8,2
last: 1323  pos: 3,5		best: 1350  pos: 8,2
last: 1219  pos: 6,8		best: 1350  pos: 8,2
last: 1242  pos: 6,4		best: 1350  pos: 8,2
last: 1288  pos: 4,8		best: 1350  pos: 8,2
last: 1242  pos: 5,6		best: 1350  pos: 8,2
best: 1350  pos: 8,2
time: 0.11361	depth:2

last: 1404  pos: 8,2		best: 1404  pos: 8,2
last: 1350  pos: 1,3		best: 1404  pos: 8,2
last: 1375  pos: 7,3		best: 1404  pos: 8,2
last: 1375  pos: 2,4		best: 1404  pos: 8,2
last: 1400  pos: 3,6		best: 1404  pos: 8,2
last: 1325  pos: 4,7		best: 1404  pos: 8,2
last: 1325  pos: 5,5		best: 1404  pos: 8,2
last: 1323  pos: 5,7		best: 1404  pos: 8,2
last: 1323  pos: 3,5		best: 1404  pos: 8,2
last: 1100  pos: 6,8		best: 1404  pos: 8,2
last: 1325  pos: 6,4		best: 1404  pos: 8,2
last: 1400  pos: 4,8		best: 1404  pos: 8,2
last: 1242  pos: 5,6		best: 1404  pos: 8,2
best: 1404  pos: 8,2
time: 0.114700	depth:4

last: 1377  pos: 8,2		best: 1377  pos: 8,2
last: 1377  pos: 1,3		best: 1377  pos: 8,2
last: 1566  pos: 7,3		best: 1566  pos: 7,3
last: 1566  pos: 2,4		best: 1566  pos: 7,3
last: 1539  pos: 3,6		best: 1566  pos: 7,3
last: 1566  pos: 4,7		best: 1566  pos: 7,3
last: 1566  pos: 5,5		best: 1566  pos: 7,3
last: 1323  pos: 5,7		best: 1566  pos: 7,3
last: 1323  pos: 3,5		best: 1566  pos: 7,3
last: 1566  pos: 6,8		best: 1566  pos: 7,3
last: 1566  pos: 6,4		best: 1566  pos: 7,3
last: 1431  pos: 4,8		best: 1566  pos: 7,3
last: 1242  pos: 5,6		best: 1566  pos: 7,3
best: 1566  pos: 7,3
time: 1.107616	depth:6

last: 1450  pos: 8,2		best: 1450  pos: 8,2
last: 1450  pos: 1,3		best: 1450  pos: 8,2
last: 1537  pos: 7,3		best: 1537  pos: 7,3
last: 1537  pos: 2,4		best: 1537  pos: 7,3
last: 1537  pos: 3,6		best: 1537  pos: 7,3
last: 1537  pos: 4,7		best: 1537  pos: 7,3
last: 1537  pos: 5,5		best: 1537  pos: 7,3
last: 1537  pos: 5,7		best: 1537  pos: 7,3
last: 1537  pos: 3,5		best: 1537  pos: 7,3
last: 1537  pos: 6,8		best: 1537  pos: 7,3
last: 1537  pos: 6,4		best: 1537  pos: 7,3
last: 1537  pos: 4,8		best: 1537  pos: 7,3
last: 1537  pos: 5,6		best: 1537  pos: 7,3
best: 1537  pos: 7,3
time: 8.16864	depth:8

ended because of time cutoff
completed in: 20.271


after:   myPos: 7,3  opPos: 8,5	h: 945	transpo: 4171411	buckets: 16777216






   | 1 | 2 | 3 | 4 | 5 | 6 | 7 | 8 |
____________________________________
 1 |||||   |   |   |   |   |   |   |
---|———————————————————————————————|
 2 |   |   |||||   |   |||||   |   |
---|———————————————————————————————|
 3 |   |||||   |||||   |   |||||||||
---|———————————————————————————————|
 4 |   |   |   |||||||||||||   |   |
---|———————————————————————————————|
 5 |   |   |||||||||   |   |   |   |
---|———————————————————————————————|
 6 |   |   |||||   |||||||||||||   |
---|———————————————————————————————|
 7 |   |   |*X*|||||   |   |   |||||
---|————\342\200\224——————————————————————————|
 8 |   |   |   |   |*O*|   |   |||||
---|———————————————————————————————|

Move: 19


Please enter a move (row col):  82




   | 1 | 2 | 3 | 4 | 5 | 6 | 7 | 8 |
____________________________________
 1 |||||   |   |   |   |   |   |   |
---|———————————————————————————————|
 2 |   |   |||||   |   |||||   |   |
---|———————————————————————————————|
 3 |   |||||   |||||   |   |||||||||
---|———————————————————————————————|
 4 |   |   |   |||||||||||||   |   |
---|———————————————————————————————|
 5 |   |   |||||||||   |   |   |   |
---|———————————————————————————————|
 6 |   |   |||||   |||||||||||||   |
---|———————————————————————————————|
 7 |   |   |*X*|||||   |   |   |||||
---|———————————————————————————————|
 8 |   |*O*|   |   |||||   |   |||||
---|——————————————————————\342\200\224————————|

Move: 20


before:   myPos: 7,3  opPos: 8,2	h: 945

last: 1265  pos: 7,2		best: 1265  pos: 7,2
last: 1173  pos: 6,2		best: 1265  pos: 7,2
last: 1104  pos: 5,1		best: 1265  pos: 7,2
last: 1081  pos: 7,1		best: 1265  pos: 7,2
last: 1035  pos: 8,3		best: 1265  pos: 7,2
last: 1218  pos: 8,4		best: 1265  pos: 7,2
last: 920  pos: 5,5		best: 1265  pos: 7,2
last: 897  pos: 6,4		best: 1265  pos: 7,2
best: 1265  pos: 7,2
time: 0.1267	depth:0

last: 1653  pos: 7,2		best: 1653  pos: 7,2
last: 1711  pos: 6,2		best: 1711  pos: 6,2
last: 1450  pos: 5,1		best: 1711  pos: 6,2
last: 1653  pos: 7,1		best: 1711  pos: 6,2
last: 1653  pos: 8,3		best: 1711  pos: 6,2
last: 1218  pos: 8,4		best: 1711  pos: 6,2
last: 1508  pos: 5,5		best: 1711  pos: 6,2
last: 1392  pos: 6,4		best: 1711  pos: 6,2
best: 1711  pos: 6,2
time: 0.2998	depth:2

last: 1653  pos: 7,2		best: 1653  pos: 7,2
last: 1711  pos: 6,2		best: 1711  pos: 6,2
last: 1450  pos: 5,1		best: 1711  pos: 6,2
last: 1653  pos: 7,1		best: 1711  pos: 6,2
last: 1653  pos: 8,3		best: 1711  pos: 6,2
last: 1218  pos: 8,4		best: 1711  pos: 6,2
last: 1508  pos: 5,5		best: 1711  pos: 6,2
last: 1392  pos: 6,4		best: 1711  pos: 6,2
best: 1711  pos: 6,2
time: 0.9304	depth:4

last: 1653  pos: 7,2		best: 1653  pos: 7,2
last: 1711  pos: 6,2		best: 1711  pos: 6,2
last: 1450  pos: 5,1		best: 1711  pos: 6,2
last: 1653  pos: 7,1		best: 1711  pos: 6,2
last: 1653  pos: 8,3		best: 1711  pos: 6,2
last: 1218  pos: 8,4		best: 1711  pos: 6,2
last: 1508  pos: 5,5		best: 1711  pos: 6,2
last: 1392  pos: 6,4		best: 1711  pos: 6,2
best: 1711  pos: 6,2
time: 0.55485	depth:6

last: 1829  pos: 7,2		best: 1829  pos: 7,2
last: 1829  pos: 6,2		best: 1829  pos: 7,2
last: 1829  pos: 5,1		best: 1829  pos: 7,2
last: 1829  pos: 7,1		best: 1829  pos: 7,2
last: 1829  pos: 8,3		best: 1829  pos: 7,2
last: 1798  pos: 8,4		best: 1829  pos: 7,2
last: 1829  pos: 5,5		best: 1829  pos: 7,2
last: 1829  pos: 6,4		best: 1829  pos: 7,2
best: 1829  pos: 7,2
time: 1.849603	depth:8

last: 1107296214  pos: 7,2		best: 1107296214  pos: 7,2
last: 1107296214  pos: 6,2		best: 1107296214  pos: 7,2
last: 1107296214  pos: 5,1		best: 1107296214  pos: 7,2
last: 1107296214  pos: 7,1		best: 1107296214  pos: 7,2
last: 2145  pos: 8,3		best: 1107296214  pos: 7,2
last: 2079  pos: 8,4		best: 1107296214  pos: 7,2
last: 1107296213  pos: 5,5		best: 1107296214  pos: 7,2
last: 1107296211  pos: 6,4		best: 1107296214  pos: 7,2
best: 1107296214  pos: 7,2
time: 8.514689	depth:10

last: 1174405079  pos: 7,2		best: 1174405079  pos: 7,2
last: 1174405078  pos: 6,2		best: 1174405079  pos: 7,2
last: 1174405079  pos: 5,1		best: 1174405079  pos: 7,2
ended because of time cutoff
completed in: 20.145


after:   myPos: 7,2  opPos: 8,2	h: 1265	transpo: 4283959	buckets: 16777216






   | 1 | 2 | 3 | 4 | 5 | 6 | 7 | 8 |
____________________________________
 1 |||||   |   |   |   |   |   |   |
---|———————————————————————————————|
 2 |   |   |||||   |   |||||   |   |
---|———————————————————————————————|
 3 |   |||||   |||||   |   |||||||||
---|———————————————————————————————|
 4 |   |   |   |||||||||||||   |   |
---|———————————————————————————————|
 5 |   |   |||||||||   |   |   |   |
---|———————————————————————————————|
 6 |   |   |||||   |||||||||||||   |
---|———————————————————————————————|
 7 |   |*X*|||||||||   |   |   |||||
---|———\342\200\224———————————————————————————|
 8 |   |*O*|   |   |||||   |   |||||
---|———————————————————————————————|

Move: 21


Please enter a move (row col):  71




   | 1 | 2 | 3 | 4 | 5 | 6 | 7 | 8 |
____________________________________
 1 |||||   |   |   |   |   |   |   |
---|———————————————————————————————|
 2 |   |   |||||   |   |||||   |   |
---|———————————————————————————————|
 3 |   |||||   |||||   |   |||||||||
---|———————————————————————————————|
 4 |   |   |   |||||||||||||   |   |
---|———————————————————————————————|
 5 |   |   |||||||||   |   |   |   |
---|———————————————————————————————|
 6 |   |   |||||   |||||||||||||   |
---|———————————————————————————————|
 7 |*O*|*X*|||||||||   |   |   |||||
---|———————————————————————————————|
 8 |   |||||   |   |||||   |   |||||
---|——————————\342\200\224————————————————————|

Move: 22


before:   myPos: 7,2  opPos: 7,1	h: 1265

last: 1525  pos: 6,1		best: 1525  pos: 6,1
last: 1200  pos: 4,2		best: 1525  pos: 6,1
last: 1150  pos: 6,2		best: 1525  pos: 6,1
last: 1125  pos: 5,2		best: 1525  pos: 6,1
last: 1000  pos: 8,3		best: 1525  pos: 6,1
last: -2147483608  pos: 8,1		best: 1525  pos: 6,1
best: 1525  pos: 6,1
time: 0.949	depth:0

last: 1174405083  pos: 6,1		best: 1174405083  pos: 6,1
last: 1174405079  pos: 4,2		best: 1174405083  pos: 6,1
last: 1174405079  pos: 6,2		best: 1174405083  pos: 6,1
last: 1174405083  pos: 5,2		best: 1174405083  pos: 6,1
last: 1174405083  pos: 8,3		best: 1174405083  pos: 6,1
last: -2147483608  pos: 8,1		best: 1174405083  pos: 6,1
best: 1174405083  pos: 6,1
time: 0.1852	depth:2

last: 1174405083  pos: 6,1		best: 1174405083  pos: 6,1
last: 1174405079  pos: 4,2		best: 1174405083  pos: 6,1
last: 1174405079  pos: 6,2		best: 1174405083  pos: 6,1
last: 1174405083  pos: 5,2		best: 1174405083  pos: 6,1
last: 1174405083  pos: 8,3		best: 1174405083  pos: 6,1
last: -2147483608  pos: 8,1		best: 1174405083  pos: 6,1
best: 1174405083  pos: 6,1
time: 0.2934	depth:4

last: 1174405083  pos: 6,1		best: 1174405083  pos: 6,1
last: 1174405079  pos: 4,2		best: 1174405083  pos: 6,1
last: 1174405079  pos: 6,2		best: 1174405083  pos: 6,1
last: 1174405083  pos: 5,2		best: 1174405083  pos: 6,1
last: 1174405083  pos: 8,3		best: 1174405083  pos: 6,1
last: -2147483608  pos: 8,1		best: 1174405083  pos: 6,1
best: 1174405083  pos: 6,1
time: 0.4150	depth:6

last: 1174405083  pos: 6,1		best: 1174405083  pos: 6,1
last: 1174405079  pos: 4,2		best: 1174405083  pos: 6,1
last: 1174405079  pos: 6,2		best: 1174405083  pos: 6,1
last: 1174405083  pos: 5,2		best: 1174405083  pos: 6,1
last: 1174405083  pos: 8,3		best: 1174405083  pos: 6,1
last: -2147483608  pos: 8,1		best: 1174405083  pos: 6,1
best: 1174405083  pos: 6,1
time: 0.19899	depth:8

last: 1174405083  pos: 6,1		best: 1174405083  pos: 6,1
last: 1174405079  pos: 4,2		best: 1174405083  pos: 6,1
last: 1174405079  pos: 6,2		best: 1174405083  pos: 6,1
last: 1174405083  pos: 5,2		best: 1174405083  pos: 6,1
last: 1174405083  pos: 8,3		best: 1174405083  pos: 6,1
last: -2147483608  pos: 8,1		best: 1174405083  pos: 6,1
best: 1174405083  pos: 6,1
time: 0.24026	depth:10

last: 1241513946  pos: 6,1		best: 1241513946  pos: 6,1
last: 1241513946  pos: 4,2		best: 1241513946  pos: 6,1
last: 1241513946  pos: 6,2		best: 1241513946  pos: 6,1
last: 1241513946  pos: 5,2		best: 1241513946  pos: 6,1
last: 1241513945  pos: 8,3		best: 1241513946  pos: 6,1
last: -2147483608  pos: 8,1		best: 1241513946  pos: 6,1
best: 1241513946  pos: 6,1
time: 4.49474	depth:12

last: 2147483607  pos: 6,1after:   myPos: 6,1  opPos: 7,1	h: 1525	transpo: 4318716	buckets: 16777216






   | 1 | 2 | 3 | 4 | 5 | 6 | 7 | 8 |
____________________________________
 1 |||||   |   |   |   |   |   |   |
---|———————————————————————————————|
 2 |   |   |||||   |   |||||   |   |
---|———————————————————————————————|
 3 |   |||||   |||||   |   |||||||||
---|———————————————————————————————|
 4 |   |   |   |||||||||||||   |   |
---|———————————————————————————————|
 5 |   |   |||||||||   |   |   |   |
---|———————————————————————————————|
 6 |*X*|   |||||   |||||||||||||   |
---|———————————————————————————————|
 7 |*O*|||||||||||||   |   |   |||||
---|———————————————————————————————|
 8 |   |||||   |   |||||   |   |||||
---|——————————————————————\342\200\224————————|

Move: 23


Please enter a move (row col):  62




   | 1 | 2 | 3 | 4 | 5 | 6 | 7 | 8 |
____________________________________
 1 |||||   |   |   |   |   |   |   |
---|———————————————————————————————|
 2 |   |   |||||   |   |||||   |   |
---|———————————————————————————————|
 3 |   |||||   |||||   |   |||||||||
---|———————————————————————————————|
 4 |   |   |   |||||||||||||   |   |
---|———————————————————————————————|
 5 |   |   |||||||||   |   |   |   |
---|———————————————————————————————|
 6 |*X*|*O*|||||   |||||||||||||   |
---|———————————————————————————————|
 7 |||||||||||||||||   |   |   |||||
---|———————————————————————————————|
 8 |   |||||   |   |||||   |   |||||
---|——————————\342\200\224————————————————————|

Move: 24


before:   myPos: 6,1  opPos: 6,2	h: 1525

last: 1674  pos: 5,1		best: 1674  pos: 5,1
last: 1647  pos: 5,2		best: 1674  pos: 5,1
last: 1539  pos: 4,1		best: 1674  pos: 5,1
last: 1539  pos: 3,1		best: 1674  pos: 5,1
last: 1512  pos: 2,1		best: 1674  pos: 5,1
last: 1485  pos: 4,3		best: 1674  pos: 5,1
best: 1674  pos: 5,1
time: 0.896	depth:0

last: 1241513946  pos: 5,1		best: 1241513946  pos: 5,1
last: 1308622807  pos: 5,2		best: 1308622807  pos: 5,2
last: 2535  pos: 4,1		best: 1308622807  pos: 5,2
last: 1241513946  pos: 3,1		best: 1308622807  pos: 5,2
last: 1241513944  pos: 2,1		best: 1308622807  pos: 5,2
last: 2147483607  pos: 4,3after:   myPos: 4,3  opPos: 6,2	h: 1485	transpo: 4318716	buckets: 16777216






   | 1 | 2 | 3 | 4 | 5 | 6 | 7 | 8 |
____________________________________
 1 |||||   |   |   |   |   |   |   |
---|———————————————————————————————|
 2 |   |   |||||   |   |||||   |   |
---|———————————————————————————————|
 3 |   |||||   |||||   |   |||||||||
---|———————————————————————————————|
 4 |   |   |*X*|||||||||||||   |   |
---|———————————————————————————————|
 5 |   |   |||||||||   |   |   |   |
---|———————————————————————————————|
 6 |||||*O*|||||   |||||||||||||   |
---|———————————————————————————————|
 7 |||||||||||||||||   |   |   |||||
---|———————————————————————————————|
 8 |   |||||   |   |||||   |   |||||
---|———————————————————————————————|

Move: 25


Please enter a move (row col):  42




   | 1 | 2 | 3 | 4 | 5 | 6 | 7 | 8 |
____________________________________
 1 |||||   |   |   |   |   |   |   |
---|———————————————————————————————|
 2 |   |   |||||   |   |||||   |   |
---|———————————————————————————————|
 3 |   |||||   |||||   |   |||||||||
---|———————————————————————————————|
 4 |   |*O*|*X*|||||||||||||   |   |
---|———————————————————————————————|
 5 |   |   |||||||||   |   |   |   |
---|———————————————————————————————|
 6 |||||||||||||   |||||||||||||   |
---|———————————————————————————————|
 7 |||||||||||||||||   |   |   |||||
---|———————————————————————————————|
 8 |   |||||   |   |||||   |   |||||
---|——————————\342\200\224————————————————————|

Move: 26


before:   myPos: 4,3  opPos: 4,2	h: 1485

last: 1479  pos: 3,3		best: 1479  pos: 3,3
last: -2147483608  pos: 5,2		best: 1479  pos: 3,3
best: 1479  pos: 3,3
time: 0.313	depth:0

last: 2147483607  pos: 3,3after:   myPos: 3,3  opPos: 4,2	h: 1479	transpo: 4318716	buckets: 16777216






   | 1 | 2 | 3 | 4 | 5 | 6 | 7 | 8 |
____________________________________
 1 |||||   |   |   |   |   |   |   |
---|———————————————————————————————|
 2 |   |   |||||   |   |||||   |   |
---|———————————————————————————————|
 3 |   |||||*X*|||||   |   |||||||||
---|———————————————————————————————|
 4 |   |*O*|||||||||||||||||   |   |
---|———————————————————————————————|
 5 |   |   |||||||||   |   |   |   |
---|———————————————————————————————|
 6 |||||||||||||   |||||||||||||   |
---|———————————————————————————————|
 7 |||||||||||||||||   |   |   |||||
---|———————————————————————————————|
 8 |   |||||   |   |||||   |   |||||
---|———————————————————————————————|

Move: 27


Please enter a move (row col):  52




   | 1 | 2 | 3 | 4 | 5 | 6 | 7 | 8 |
____________________________________
 1 |||||   |   |   |   |   |   |   |
---|———————————————————————————————|
 2 |   |   |||||   |   |||||   |   |
---|———————————————————————————————|
 3 |   |||||*X*|||||   |   |||||||||
---|———————————————————————————————|
 4 |   |||||||||||||||||||||   |   |
---|———————————————————————————————|
 5 |   |*O*|||||||||   |   |   |   |
---|———————————————————————————————|
 6 |||||||||||||   |||||||||||||   |
---|———————————————————————————————|
 7 |||||||||||||||||   |   |   |||||
---|———————————————————————————————|
 8 |   |||||   |   |||||   |   |||||
---|——————————————————————\342\200\224————————|

Move: 28


before:   myPos: 3,3  opPos: 5,2	h: 1479

last: 1953  pos: 1,5		best: 1953  pos: 1,5
last: 1829  pos: 2,4		best: 1953  pos: 1,5
last: 1798  pos: 2,2		best: 1953  pos: 1,5
best: 1953  pos: 1,5
time: 0.514	depth:0

last: 2147483607  pos: 1,5after:   myPos: 1,5  opPos: 5,2	h: 1953	transpo: 4318716	buckets: 16777216






   | 1 | 2 | 3 | 4 | 5 | 6 | 7 | 8 |
____________________________________
 1 |||||   |   |   |*X*|   |   |   |
---|———————————————————————————————|
 2 |   |   |||||   |   |||||   |   |
---|———————————————————————————————|
 3 |   |||||||||||||   |   |||||||||
---|———————————————————————————————|
 4 |   |||||||||||||||||||||   |   |
---|———————————————————————————————|
 5 |   |*O*|||||||||   |   |   |   |
---|———————————————————————————————|
 6 |||||||||||||   |||||||||||||   |
---|———————————————————————————————|
 7 |||||||||||||||||   |   |   |||||
---|———————————————————————————————|
 8 |   |||||   |   |||||   |   |||||
---|———————————————————————————————|

Move: 29


Please enter a move (row col):  51




   | 1 | 2 | 3 | 4 | 5 | 6 | 7 | 8 |
____________________________________
 1 |||||   |   |   |*X*|   |   |   |
---|———————————————————————————————|
 2 |   |   |||||   |   |||||   |   |
---|———————————————————————————————|
 3 |   |||||||||||||   |   |||||||||
---|———————————————————————————————|
 4 |   |||||||||||||||||||||   |   |
---|———————————————————————————————|
 5 |*O*|||||||||||||   |   |   |   |
---|———————————————————————————————|
 6 |||||||||||||   |||||||||||||   |
---|———————————————————————————————|
 7 |||||||||||||||||   |   |   |||||
---|———————————————————————————————|
 8 |   |||||   |   |||||   |   |||||
---|———————————————————————————————|

Move: 30


before:   myPos: 1,5  opPos: 5,1	h: 1953

last: 1914  pos: 1,4		best: 1914  pos: 1,4
last: 1914  pos: 2,5		best: 1914  pos: 1,4
last: 1881  pos: 1,3		best: 1914  pos: 1,4
last: 1848  pos: 1,8		best: 1914  pos: 1,4
last: 1815  pos: 1,6		best: 1914  pos: 1,4
last: 1815  pos: 1,7		best: 1914  pos: 1,4
last: 1815  pos: 2,4		best: 1914  pos: 1,4
last: 1815  pos: 1,2		best: 1914  pos: 1,4
last: 1815  pos: 3,5		best: 1914  pos: 1,4
best: 1914  pos: 1,4
time: 0.1650	depth:0

last: 1241513944  pos: 1,4		best: 1241513944  pos: 1,4
last: 1241513943  pos: 2,5		best: 1241513944  pos: 1,4
last: 1241513944  pos: 1,3		best: 1241513944  pos: 1,4
last: 1241513936  pos: 1,8		best: 1241513944  pos: 1,4
last: 1890  pos: 1,6		best: 1241513944  pos: 1,4
last: 2109  pos: 1,7		best: 1241513944  pos: 1,4
last: 1890  pos: 2,4		best: 1241513944  pos: 1,4
last: 2147483607  pos: 1,2after:   myPos: 1,2  opPos: 5,1	h: 1815	transpo: 4318717	buckets: 16777216






   | 1 | 2 | 3 | 4 | 5 | 6 | 7 | 8 |
____________________________________
 1 |||||*X*|   |   |||||   |   |   |
---|———————————————————————————————|
 2 |   |   |||||   |   |||||   |   |
---|———————————————————————————————|
 3 |   |||||||||||||   |   |||||||||
---|———————————————————————————————|
 4 |   |||||||||||||||||||||   |   |
---|———————————————————————————————|
 5 |*O*|||||||||||||   |   |   |   |
---|———————————————————————————————|
 6 |||||||||||||   |||||||||||||   |
---|———————————————————————————————|
 7 |||||||||||||||||   |   |   |||||
---|———————————————————————————————|
 8 |   |||||   |   |||||   |   |||||
---|———————————————————————————————|

Move: 31


Please enter a move (row col):  31




   | 1 | 2 | 3 | 4 | 5 | 6 | 7 | 8 |
____________________________________
 1 |||||*X*|   |   |||||   |   |   |
---|———————————————————————————————|
 2 |   |   |||||   |   |||||   |   |
---|———————————————————————————————|
 3 |*O*|||||||||||||   |   |||||||||
---|———————————————————————————————|
 4 |   |||||||||||||||||||||   |   |
---|———————————————————————————————|
 5 |||||||||||||||||   |   |   |   |
---|———————————————————————————————|
 6 |||||||||||||   |||||||||||||   |
---|———————————————————————————————|
 7 |||||||||||||||||   |   |   |||||
---|———————————————————————————————|
 8 |   |||||   |   |||||   |   |||||
---|——————————\342\200\224————————————————————|

Move: 32


before:   myPos: 1,2  opPos: 3,1	h: 1815

last: 1960  pos: 2,2		best: 1960  pos: 2,2
last: 1925  pos: 1,3		best: 1960  pos: 2,2
last: 1890  pos: 1,4		best: 1960  pos: 2,2
last: -2147483608  pos: 2,1		best: 1960  pos: 2,2
best: 1960  pos: 2,2
time: 0.594	depth:0

last: 2147483608  pos: 2,2		best: 2147483608  pos: 2,2
last: 2147483608  pos: 1,3		best: 2147483608  pos: 2,2
last: 1308622808  pos: 1,4		best: 2147483608  pos: 2,2
last: -2147483608  pos: 2,1		best: 2147483608  pos: 2,2
best: 2147483608  pos: 2,2
time: 0.1672	depth:2

last: 2147483607  pos: 2,2after:   myPos: 2,2  opPos: 3,1	h: 1960	transpo: 4318721	buckets: 16777216






   | 1 | 2 | 3 | 4 | 5 | 6 | 7 | 8 |
____________________________________
 1 |||||||||   |   |||||   |   |   |
---|———————————————————————————————|
 2 |   |*X*|||||   |   |||||   |   |
---|———————————————————————————————|
 3 |*O*|||||||||||||   |   |||||||||
---|———————————————————————————————|
 4 |   |||||||||||||||||||||   |   |
---|———————————————————————————————|
 5 |||||||||||||||||   |   |   |   |
---|———————————————————————————————|
 6 |||||||||||||   |||||||||||||   |
---|———————————————————————————————|
 7 |||||||||||||||||   |   |   |||||
---|\342\200\224——————————————————————————————|
 8 |   |||||   |   |||||   |   |||||
---|———————————————————————————————|

Move: 33


Please enter a move (row col):  41




   | 1 | 2 | 3 | 4 | 5 | 6 | 7 | 8 |
____________________________________
 1 |||||||||   |   |||||   |   |   |
---|———————————————————————————————|
 2 |   |*X*|||||   |   |||||   |   |
---|———————————————————————————————|
 3 |||||||||||||||||   |   |||||||||
---|———————————————————————————————|
 4 |*O*|||||||||||||||||||||   |   |
---|———————————————————————————————|
 5 |||||||||||||||||   |   |   |   |
---|———————————————————————————————|
 6 |||||||||||||   |||||||||||||   |
---|———————————————————————————————|
 7 |||||||||||||||||   |   |   |||||
---|———————————————————————————————|
 8 |   |||||   |   |||||   |   |||||
---|———————————————————————————————|

Move: 34


!!!!!!!    I win    !!!!!!!!!
